
AVRASM ver. 2.1.30  C:\Users\ruben\Desktop\practicanose\List\lcd.asm Sun May 05 10:23:25 2019

C:\Users\ruben\Desktop\practicanose\List\lcd.asm(1070): warning: Register r4 already defined by the .DEF directive
C:\Users\ruben\Desktop\practicanose\List\lcd.asm(1071): warning: Register r6 already defined by the .DEF directive
C:\Users\ruben\Desktop\practicanose\List\lcd.asm(1072): warning: Register r9 already defined by the .DEF directive
C:\Users\ruben\Desktop\practicanose\List\lcd.asm(1073): warning: Register r8 already defined by the .DEF directive
C:\Users\ruben\Desktop\practicanose\List\lcd.asm(1074): warning: Register r11 already defined by the .DEF directive
C:\Users\ruben\Desktop\practicanose\List\lcd.asm(1075): warning: Register r10 already defined by the .DEF directive
C:\Users\ruben\Desktop\practicanose\List\lcd.asm(1076): warning: Register r13 already defined by the .DEF directive
                 
                 
                 ;CodeVisionAVR C Compiler V2.60 Evaluation
                 ;(C) Copyright 1998-2012 Pavel Haiduc, HP InfoTech s.r.l.
                 ;http://www.hpinfotech.com
                 
                 ;Chip type              : ATmega8535L
                 ;Program type           : Application
                 ;Clock frequency        : 1,000000 MHz
                 ;Memory model           : Small
                 ;Optimize for           : Size
                 ;(s)printf features     : int, width
                 ;(s)scanf features      : int, width
                 ;External RAM size      : 0
                 ;Data Stack size        : 128 byte(s)
                 ;Heap size              : 0 byte(s)
                 ;Promote 'char' to 'int': Yes
                 ;'char' is unsigned     : Yes
                 ;8 bit enums            : Yes
                 ;Global 'const' stored in FLASH: No
                 ;Enhanced function parameter passing: Yes
                 ;Enhanced core instructions: On
                 ;Automatic register allocation for global variables: On
                 ;Smart register allocation: On
                 
                 	#pragma AVRPART ADMIN PART_NAME ATmega8535L
                 	#pragma AVRPART MEMORY PROG_FLASH 8192
                 	#pragma AVRPART MEMORY EEPROM 512
                 	#pragma AVRPART MEMORY INT_SRAM SIZE 512
                 	#pragma AVRPART MEMORY INT_SRAM START_ADDR 0x60
                 
                 	.LISTMAC
                 	.EQU UDRE=0x5
                 	.EQU RXC=0x7
                 	.EQU USR=0xB
                 	.EQU UDR=0xC
                 	.EQU SPSR=0xE
                 	.EQU SPDR=0xF
                 	.EQU EERE=0x0
                 	.EQU EEWE=0x1
                 	.EQU EEMWE=0x2
                 	.EQU EECR=0x1C
                 	.EQU EEDR=0x1D
                 	.EQU EEARL=0x1E
                 	.EQU EEARH=0x1F
                 	.EQU WDTCR=0x21
                 	.EQU MCUCR=0x35
                 	.EQU GICR=0x3B
                 	.EQU SPL=0x3D
                 	.EQU SPH=0x3E
                 	.EQU SREG=0x3F
                 
                 	.DEF R0X0=R0
                 	.DEF R0X1=R1
                 	.DEF R0X2=R2
                 	.DEF R0X3=R3
                 	.DEF R0X4=R4
                 	.DEF R0X5=R5
                 	.DEF R0X6=R6
                 	.DEF R0X7=R7
                 	.DEF R0X8=R8
                 	.DEF R0X9=R9
                 	.DEF R0XA=R10
                 	.DEF R0XB=R11
                 	.DEF R0XC=R12
                 	.DEF R0XD=R13
                 	.DEF R0XE=R14
                 	.DEF R0XF=R15
                 	.DEF R0X10=R16
                 	.DEF R0X11=R17
                 	.DEF R0X12=R18
                 	.DEF R0X13=R19
                 	.DEF R0X14=R20
                 	.DEF R0X15=R21
                 	.DEF R0X16=R22
                 	.DEF R0X17=R23
                 	.DEF R0X18=R24
                 	.DEF R0X19=R25
                 	.DEF R0X1A=R26
                 	.DEF R0X1B=R27
                 	.DEF R0X1C=R28
                 	.DEF R0X1D=R29
                 	.DEF R0X1E=R30
                 	.DEF R0X1F=R31
                 
                 	.EQU __SRAM_START=0x0060
                 	.EQU __SRAM_END=0x025F
                 	.EQU __DSTACK_SIZE=0x0080
                 	.EQU __HEAP_SIZE=0x0000
                 	.EQU __CLEAR_SRAM_SIZE=__SRAM_END-__SRAM_START+1
                 
                 	.MACRO __CPD1N
                 	CPI  R30,LOW(@0)
                 	LDI  R26,HIGH(@0)
                 	CPC  R31,R26
                 	LDI  R26,BYTE3(@0)
                 	CPC  R22,R26
                 	LDI  R26,BYTE4(@0)
                 	CPC  R23,R26
                 	.ENDM
                 
                 	.MACRO __CPD2N
                 	CPI  R26,LOW(@0)
                 	LDI  R30,HIGH(@0)
                 	CPC  R27,R30
                 	LDI  R30,BYTE3(@0)
                 	CPC  R24,R30
                 	LDI  R30,BYTE4(@0)
                 	CPC  R25,R30
                 	.ENDM
                 
                 	.MACRO __CPWRR
                 	CP   R@0,R@2
                 	CPC  R@1,R@3
                 	.ENDM
                 
                 	.MACRO __CPWRN
                 	CPI  R@0,LOW(@2)
                 	LDI  R30,HIGH(@2)
                 	CPC  R@1,R30
                 	.ENDM
                 
                 	.MACRO __ADDB1MN
                 	SUBI R30,LOW(-@0-(@1))
                 	.ENDM
                 
                 	.MACRO __ADDB2MN
                 	SUBI R26,LOW(-@0-(@1))
                 	.ENDM
                 
                 	.MACRO __ADDW1MN
                 	SUBI R30,LOW(-@0-(@1))
                 	SBCI R31,HIGH(-@0-(@1))
                 	.ENDM
                 
                 	.MACRO __ADDW2MN
                 	SUBI R26,LOW(-@0-(@1))
                 	SBCI R27,HIGH(-@0-(@1))
                 	.ENDM
                 
                 	.MACRO __ADDW1FN
                 	SUBI R30,LOW(-2*@0-(@1))
                 	SBCI R31,HIGH(-2*@0-(@1))
                 	.ENDM
                 
                 	.MACRO __ADDD1FN
                 	SUBI R30,LOW(-2*@0-(@1))
                 	SBCI R31,HIGH(-2*@0-(@1))
                 	SBCI R22,BYTE3(-2*@0-(@1))
                 	.ENDM
                 
                 	.MACRO __ADDD1N
                 	SUBI R30,LOW(-@0)
                 	SBCI R31,HIGH(-@0)
                 	SBCI R22,BYTE3(-@0)
                 	SBCI R23,BYTE4(-@0)
                 	.ENDM
                 
                 	.MACRO __ADDD2N
                 	SUBI R26,LOW(-@0)
                 	SBCI R27,HIGH(-@0)
                 	SBCI R24,BYTE3(-@0)
                 	SBCI R25,BYTE4(-@0)
                 	.ENDM
                 
                 	.MACRO __SUBD1N
                 	SUBI R30,LOW(@0)
                 	SBCI R31,HIGH(@0)
                 	SBCI R22,BYTE3(@0)
                 	SBCI R23,BYTE4(@0)
                 	.ENDM
                 
                 	.MACRO __SUBD2N
                 	SUBI R26,LOW(@0)
                 	SBCI R27,HIGH(@0)
                 	SBCI R24,BYTE3(@0)
                 	SBCI R25,BYTE4(@0)
                 	.ENDM
                 
                 	.MACRO __ANDBMNN
                 	LDS  R30,@0+(@1)
                 	ANDI R30,LOW(@2)
                 	STS  @0+(@1),R30
                 	.ENDM
                 
                 	.MACRO __ANDWMNN
                 	LDS  R30,@0+(@1)
                 	ANDI R30,LOW(@2)
                 	STS  @0+(@1),R30
                 	LDS  R30,@0+(@1)+1
                 	ANDI R30,HIGH(@2)
                 	STS  @0+(@1)+1,R30
                 	.ENDM
                 
                 	.MACRO __ANDD1N
                 	ANDI R30,LOW(@0)
                 	ANDI R31,HIGH(@0)
                 	ANDI R22,BYTE3(@0)
                 	ANDI R23,BYTE4(@0)
                 	.ENDM
                 
                 	.MACRO __ANDD2N
                 	ANDI R26,LOW(@0)
                 	ANDI R27,HIGH(@0)
                 	ANDI R24,BYTE3(@0)
                 	ANDI R25,BYTE4(@0)
                 	.ENDM
                 
                 	.MACRO __ORBMNN
                 	LDS  R30,@0+(@1)
                 	ORI  R30,LOW(@2)
                 	STS  @0+(@1),R30
                 	.ENDM
                 
                 	.MACRO __ORWMNN
                 	LDS  R30,@0+(@1)
                 	ORI  R30,LOW(@2)
                 	STS  @0+(@1),R30
                 	LDS  R30,@0+(@1)+1
                 	ORI  R30,HIGH(@2)
                 	STS  @0+(@1)+1,R30
                 	.ENDM
                 
                 	.MACRO __ORD1N
                 	ORI  R30,LOW(@0)
                 	ORI  R31,HIGH(@0)
                 	ORI  R22,BYTE3(@0)
                 	ORI  R23,BYTE4(@0)
                 	.ENDM
                 
                 	.MACRO __ORD2N
                 	ORI  R26,LOW(@0)
                 	ORI  R27,HIGH(@0)
                 	ORI  R24,BYTE3(@0)
                 	ORI  R25,BYTE4(@0)
                 	.ENDM
                 
                 	.MACRO __DELAY_USB
                 	LDI  R24,LOW(@0)
                 __DELAY_USB_LOOP:
                 	DEC  R24
                 	BRNE __DELAY_USB_LOOP
                 	.ENDM
                 
                 	.MACRO __DELAY_USW
                 	LDI  R24,LOW(@0)
                 	LDI  R25,HIGH(@0)
                 __DELAY_USW_LOOP:
                 	SBIW R24,1
                 	BRNE __DELAY_USW_LOOP
                 	.ENDM
                 
                 	.MACRO __GETD1S
                 	LDD  R30,Y+@0
                 	LDD  R31,Y+@0+1
                 	LDD  R22,Y+@0+2
                 	LDD  R23,Y+@0+3
                 	.ENDM
                 
                 	.MACRO __GETD2S
                 	LDD  R26,Y+@0
                 	LDD  R27,Y+@0+1
                 	LDD  R24,Y+@0+2
                 	LDD  R25,Y+@0+3
                 	.ENDM
                 
                 	.MACRO __PUTD1S
                 	STD  Y+@0,R30
                 	STD  Y+@0+1,R31
                 	STD  Y+@0+2,R22
                 	STD  Y+@0+3,R23
                 	.ENDM
                 
                 	.MACRO __PUTD2S
                 	STD  Y+@0,R26
                 	STD  Y+@0+1,R27
                 	STD  Y+@0+2,R24
                 	STD  Y+@0+3,R25
                 	.ENDM
                 
                 	.MACRO __PUTDZ2
                 	STD  Z+@0,R26
                 	STD  Z+@0+1,R27
                 	STD  Z+@0+2,R24
                 	STD  Z+@0+3,R25
                 	.ENDM
                 
                 	.MACRO __CLRD1S
                 	STD  Y+@0,R30
                 	STD  Y+@0+1,R30
                 	STD  Y+@0+2,R30
                 	STD  Y+@0+3,R30
                 	.ENDM
                 
                 	.MACRO __POINTB1MN
                 	LDI  R30,LOW(@0+(@1))
                 	.ENDM
                 
                 	.MACRO __POINTW1MN
                 	LDI  R30,LOW(@0+(@1))
                 	LDI  R31,HIGH(@0+(@1))
                 	.ENDM
                 
                 	.MACRO __POINTD1M
                 	LDI  R30,LOW(@0)
                 	LDI  R31,HIGH(@0)
                 	LDI  R22,BYTE3(@0)
                 	LDI  R23,BYTE4(@0)
                 	.ENDM
                 
                 	.MACRO __POINTW1FN
                 	LDI  R30,LOW(2*@0+(@1))
                 	LDI  R31,HIGH(2*@0+(@1))
                 	.ENDM
                 
                 	.MACRO __POINTD1FN
                 	LDI  R30,LOW(2*@0+(@1))
                 	LDI  R31,HIGH(2*@0+(@1))
                 	LDI  R22,BYTE3(2*@0+(@1))
                 	LDI  R23,BYTE4(2*@0+(@1))
                 	.ENDM
                 
                 	.MACRO __POINTB2MN
                 	LDI  R26,LOW(@0+(@1))
                 	.ENDM
                 
                 	.MACRO __POINTW2MN
                 	LDI  R26,LOW(@0+(@1))
                 	LDI  R27,HIGH(@0+(@1))
                 	.ENDM
                 
                 	.MACRO __POINTW2FN
                 	LDI  R26,LOW(2*@0+(@1))
                 	LDI  R27,HIGH(2*@0+(@1))
                 	.ENDM
                 
                 	.MACRO __POINTD2FN
                 	LDI  R26,LOW(2*@0+(@1))
                 	LDI  R27,HIGH(2*@0+(@1))
                 	LDI  R24,BYTE3(2*@0+(@1))
                 	LDI  R25,BYTE4(2*@0+(@1))
                 	.ENDM
                 
                 	.MACRO __POINTBRM
                 	LDI  R@0,LOW(@1)
                 	.ENDM
                 
                 	.MACRO __POINTWRM
                 	LDI  R@0,LOW(@2)
                 	LDI  R@1,HIGH(@2)
                 	.ENDM
                 
                 	.MACRO __POINTBRMN
                 	LDI  R@0,LOW(@1+(@2))
                 	.ENDM
                 
                 	.MACRO __POINTWRMN
                 	LDI  R@0,LOW(@2+(@3))
                 	LDI  R@1,HIGH(@2+(@3))
                 	.ENDM
                 
                 	.MACRO __POINTWRFN
                 	LDI  R@0,LOW(@2*2+(@3))
                 	LDI  R@1,HIGH(@2*2+(@3))
                 	.ENDM
                 
                 	.MACRO __GETD1N
                 	LDI  R30,LOW(@0)
                 	LDI  R31,HIGH(@0)
                 	LDI  R22,BYTE3(@0)
                 	LDI  R23,BYTE4(@0)
                 	.ENDM
                 
                 	.MACRO __GETD2N
                 	LDI  R26,LOW(@0)
                 	LDI  R27,HIGH(@0)
                 	LDI  R24,BYTE3(@0)
                 	LDI  R25,BYTE4(@0)
                 	.ENDM
                 
                 	.MACRO __GETB1MN
                 	LDS  R30,@0+(@1)
                 	.ENDM
                 
                 	.MACRO __GETB1HMN
                 	LDS  R31,@0+(@1)
                 	.ENDM
                 
                 	.MACRO __GETW1MN
                 	LDS  R30,@0+(@1)
                 	LDS  R31,@0+(@1)+1
                 	.ENDM
                 
                 	.MACRO __GETD1MN
                 	LDS  R30,@0+(@1)
                 	LDS  R31,@0+(@1)+1
                 	LDS  R22,@0+(@1)+2
                 	LDS  R23,@0+(@1)+3
                 	.ENDM
                 
                 	.MACRO __GETBRMN
                 	LDS  R@0,@1+(@2)
                 	.ENDM
                 
                 	.MACRO __GETWRMN
                 	LDS  R@0,@2+(@3)
                 	LDS  R@1,@2+(@3)+1
                 	.ENDM
                 
                 	.MACRO __GETWRZ
                 	LDD  R@0,Z+@2
                 	LDD  R@1,Z+@2+1
                 	.ENDM
                 
                 	.MACRO __GETD2Z
                 	LDD  R26,Z+@0
                 	LDD  R27,Z+@0+1
                 	LDD  R24,Z+@0+2
                 	LDD  R25,Z+@0+3
                 	.ENDM
                 
                 	.MACRO __GETB2MN
                 	LDS  R26,@0+(@1)
                 	.ENDM
                 
                 	.MACRO __GETW2MN
                 	LDS  R26,@0+(@1)
                 	LDS  R27,@0+(@1)+1
                 	.ENDM
                 
                 	.MACRO __GETD2MN
                 	LDS  R26,@0+(@1)
                 	LDS  R27,@0+(@1)+1
                 	LDS  R24,@0+(@1)+2
                 	LDS  R25,@0+(@1)+3
                 	.ENDM
                 
                 	.MACRO __PUTB1MN
                 	STS  @0+(@1),R30
                 	.ENDM
                 
                 	.MACRO __PUTW1MN
                 	STS  @0+(@1),R30
                 	STS  @0+(@1)+1,R31
                 	.ENDM
                 
                 	.MACRO __PUTD1MN
                 	STS  @0+(@1),R30
                 	STS  @0+(@1)+1,R31
                 	STS  @0+(@1)+2,R22
                 	STS  @0+(@1)+3,R23
                 	.ENDM
                 
                 	.MACRO __PUTB1EN
                 	LDI  R26,LOW(@0+(@1))
                 	LDI  R27,HIGH(@0+(@1))
                 	RCALL __EEPROMWRB
                 	.ENDM
                 
                 	.MACRO __PUTW1EN
                 	LDI  R26,LOW(@0+(@1))
                 	LDI  R27,HIGH(@0+(@1))
                 	RCALL __EEPROMWRW
                 	.ENDM
                 
                 	.MACRO __PUTD1EN
                 	LDI  R26,LOW(@0+(@1))
                 	LDI  R27,HIGH(@0+(@1))
                 	RCALL __EEPROMWRD
                 	.ENDM
                 
                 	.MACRO __PUTBR0MN
                 	STS  @0+(@1),R0
                 	.ENDM
                 
                 	.MACRO __PUTBMRN
                 	STS  @0+(@1),R@2
                 	.ENDM
                 
                 	.MACRO __PUTWMRN
                 	STS  @0+(@1),R@2
                 	STS  @0+(@1)+1,R@3
                 	.ENDM
                 
                 	.MACRO __PUTBZR
                 	STD  Z+@1,R@0
                 	.ENDM
                 
                 	.MACRO __PUTWZR
                 	STD  Z+@2,R@0
                 	STD  Z+@2+1,R@1
                 	.ENDM
                 
                 	.MACRO __GETW1R
                 	MOV  R30,R@0
                 	MOV  R31,R@1
                 	.ENDM
                 
                 	.MACRO __GETW2R
                 	MOV  R26,R@0
                 	MOV  R27,R@1
                 	.ENDM
                 
                 	.MACRO __GETWRN
                 	LDI  R@0,LOW(@2)
                 	LDI  R@1,HIGH(@2)
                 	.ENDM
                 
                 	.MACRO __PUTW1R
                 	MOV  R@0,R30
                 	MOV  R@1,R31
                 	.ENDM
                 
                 	.MACRO __PUTW2R
                 	MOV  R@0,R26
                 	MOV  R@1,R27
                 	.ENDM
                 
                 	.MACRO __ADDWRN
                 	SUBI R@0,LOW(-@2)
                 	SBCI R@1,HIGH(-@2)
                 	.ENDM
                 
                 	.MACRO __ADDWRR
                 	ADD  R@0,R@2
                 	ADC  R@1,R@3
                 	.ENDM
                 
                 	.MACRO __SUBWRN
                 	SUBI R@0,LOW(@2)
                 	SBCI R@1,HIGH(@2)
                 	.ENDM
                 
                 	.MACRO __SUBWRR
                 	SUB  R@0,R@2
                 	SBC  R@1,R@3
                 	.ENDM
                 
                 	.MACRO __ANDWRN
                 	ANDI R@0,LOW(@2)
                 	ANDI R@1,HIGH(@2)
                 	.ENDM
                 
                 	.MACRO __ANDWRR
                 	AND  R@0,R@2
                 	AND  R@1,R@3
                 	.ENDM
                 
                 	.MACRO __ORWRN
                 	ORI  R@0,LOW(@2)
                 	ORI  R@1,HIGH(@2)
                 	.ENDM
                 
                 	.MACRO __ORWRR
                 	OR   R@0,R@2
                 	OR   R@1,R@3
                 	.ENDM
                 
                 	.MACRO __EORWRR
                 	EOR  R@0,R@2
                 	EOR  R@1,R@3
                 	.ENDM
                 
                 	.MACRO __GETWRS
                 	LDD  R@0,Y+@2
                 	LDD  R@1,Y+@2+1
                 	.ENDM
                 
                 	.MACRO __PUTBSR
                 	STD  Y+@1,R@0
                 	.ENDM
                 
                 	.MACRO __PUTWSR
                 	STD  Y+@2,R@0
                 	STD  Y+@2+1,R@1
                 	.ENDM
                 
                 	.MACRO __MOVEWRR
                 	MOV  R@0,R@2
                 	MOV  R@1,R@3
                 	.ENDM
                 
                 	.MACRO __INWR
                 	IN   R@0,@2
                 	IN   R@1,@2+1
                 	.ENDM
                 
                 	.MACRO __OUTWR
                 	OUT  @2+1,R@1
                 	OUT  @2,R@0
                 	.ENDM
                 
                 	.MACRO __CALL1MN
                 	LDS  R30,@0+(@1)
                 	LDS  R31,@0+(@1)+1
                 	ICALL
                 	.ENDM
                 
                 	.MACRO __CALL1FN
                 	LDI  R30,LOW(2*@0+(@1))
                 	LDI  R31,HIGH(2*@0+(@1))
                 	RCALL __GETW1PF
                 	ICALL
                 	.ENDM
                 
                 	.MACRO __CALL2EN
                 	LDI  R26,LOW(@0+(@1))
                 	LDI  R27,HIGH(@0+(@1))
                 	RCALL __EEPROMRDW
                 	ICALL
                 	.ENDM
                 
                 	.MACRO __GETW1STACK
                 	IN   R26,SPL
                 	IN   R27,SPH
                 	ADIW R26,@0+1
                 	LD   R30,X+
                 	LD   R31,X
                 	.ENDM
                 
                 	.MACRO __GETD1STACK
                 	IN   R26,SPL
                 	IN   R27,SPH
                 	ADIW R26,@0+1
                 	LD   R30,X+
                 	LD   R31,X+
                 	LD   R22,X
                 	.ENDM
                 
                 	.MACRO __NBST
                 	BST  R@0,@1
                 	IN   R30,SREG
                 	LDI  R31,0x40
                 	EOR  R30,R31
                 	OUT  SREG,R30
                 	.ENDM
                 
                 
                 	.MACRO __PUTB1SN
                 	LDD  R26,Y+@0
                 	LDD  R27,Y+@0+1
                 	SUBI R26,LOW(-@1)
                 	SBCI R27,HIGH(-@1)
                 	ST   X,R30
                 	.ENDM
                 
                 	.MACRO __PUTW1SN
                 	LDD  R26,Y+@0
                 	LDD  R27,Y+@0+1
                 	SUBI R26,LOW(-@1)
                 	SBCI R27,HIGH(-@1)
                 	ST   X+,R30
                 	ST   X,R31
                 	.ENDM
                 
                 	.MACRO __PUTD1SN
                 	LDD  R26,Y+@0
                 	LDD  R27,Y+@0+1
                 	SUBI R26,LOW(-@1)
                 	SBCI R27,HIGH(-@1)
                 	RCALL __PUTDP1
                 	.ENDM
                 
                 	.MACRO __PUTB1SNS
                 	LDD  R26,Y+@0
                 	LDD  R27,Y+@0+1
                 	ADIW R26,@1
                 	ST   X,R30
                 	.ENDM
                 
                 	.MACRO __PUTW1SNS
                 	LDD  R26,Y+@0
                 	LDD  R27,Y+@0+1
                 	ADIW R26,@1
                 	ST   X+,R30
                 	ST   X,R31
                 	.ENDM
                 
                 	.MACRO __PUTD1SNS
                 	LDD  R26,Y+@0
                 	LDD  R27,Y+@0+1
                 	ADIW R26,@1
                 	RCALL __PUTDP1
                 	.ENDM
                 
                 	.MACRO __PUTB1PMN
                 	LDS  R26,@0
                 	LDS  R27,@0+1
                 	SUBI R26,LOW(-@1)
                 	SBCI R27,HIGH(-@1)
                 	ST   X,R30
                 	.ENDM
                 
                 	.MACRO __PUTW1PMN
                 	LDS  R26,@0
                 	LDS  R27,@0+1
                 	SUBI R26,LOW(-@1)
                 	SBCI R27,HIGH(-@1)
                 	ST   X+,R30
                 	ST   X,R31
                 	.ENDM
                 
                 	.MACRO __PUTD1PMN
                 	LDS  R26,@0
                 	LDS  R27,@0+1
                 	SUBI R26,LOW(-@1)
                 	SBCI R27,HIGH(-@1)
                 	RCALL __PUTDP1
                 	.ENDM
                 
                 	.MACRO __PUTB1PMNS
                 	LDS  R26,@0
                 	LDS  R27,@0+1
                 	ADIW R26,@1
                 	ST   X,R30
                 	.ENDM
                 
                 	.MACRO __PUTW1PMNS
                 	LDS  R26,@0
                 	LDS  R27,@0+1
                 	ADIW R26,@1
                 	ST   X+,R30
                 	ST   X,R31
                 	.ENDM
                 
                 	.MACRO __PUTD1PMNS
                 	LDS  R26,@0
                 	LDS  R27,@0+1
                 	ADIW R26,@1
                 	RCALL __PUTDP1
                 	.ENDM
                 
                 	.MACRO __PUTB1RN
                 	MOVW R26,R@0
                 	SUBI R26,LOW(-@1)
                 	SBCI R27,HIGH(-@1)
                 	ST   X,R30
                 	.ENDM
                 
                 	.MACRO __PUTW1RN
                 	MOVW R26,R@0
                 	SUBI R26,LOW(-@1)
                 	SBCI R27,HIGH(-@1)
                 	ST   X+,R30
                 	ST   X,R31
                 	.ENDM
                 
                 	.MACRO __PUTD1RN
                 	MOVW R26,R@0
                 	SUBI R26,LOW(-@1)
                 	SBCI R27,HIGH(-@1)
                 	RCALL __PUTDP1
                 	.ENDM
                 
                 	.MACRO __PUTB1RNS
                 	MOVW R26,R@0
                 	ADIW R26,@1
                 	ST   X,R30
                 	.ENDM
                 
                 	.MACRO __PUTW1RNS
                 	MOVW R26,R@0
                 	ADIW R26,@1
                 	ST   X+,R30
                 	ST   X,R31
                 	.ENDM
                 
                 	.MACRO __PUTD1RNS
                 	MOVW R26,R@0
                 	ADIW R26,@1
                 	RCALL __PUTDP1
                 	.ENDM
                 
                 	.MACRO __PUTB1RON
                 	MOV  R26,R@0
                 	MOV  R27,R@1
                 	SUBI R26,LOW(-@2)
                 	SBCI R27,HIGH(-@2)
                 	ST   X,R30
                 	.ENDM
                 
                 	.MACRO __PUTW1RON
                 	MOV  R26,R@0
                 	MOV  R27,R@1
                 	SUBI R26,LOW(-@2)
                 	SBCI R27,HIGH(-@2)
                 	ST   X+,R30
                 	ST   X,R31
                 	.ENDM
                 
                 	.MACRO __PUTD1RON
                 	MOV  R26,R@0
                 	MOV  R27,R@1
                 	SUBI R26,LOW(-@2)
                 	SBCI R27,HIGH(-@2)
                 	RCALL __PUTDP1
                 	.ENDM
                 
                 	.MACRO __PUTB1RONS
                 	MOV  R26,R@0
                 	MOV  R27,R@1
                 	ADIW R26,@2
                 	ST   X,R30
                 	.ENDM
                 
                 	.MACRO __PUTW1RONS
                 	MOV  R26,R@0
                 	MOV  R27,R@1
                 	ADIW R26,@2
                 	ST   X+,R30
                 	ST   X,R31
                 	.ENDM
                 
                 	.MACRO __PUTD1RONS
                 	MOV  R26,R@0
                 	MOV  R27,R@1
                 	ADIW R26,@2
                 	RCALL __PUTDP1
                 	.ENDM
                 
                 
                 	.MACRO __GETB1SX
                 	MOVW R30,R28
                 	SUBI R30,LOW(-@0)
                 	SBCI R31,HIGH(-@0)
                 	LD   R30,Z
                 	.ENDM
                 
                 	.MACRO __GETB1HSX
                 	MOVW R30,R28
                 	SUBI R30,LOW(-@0)
                 	SBCI R31,HIGH(-@0)
                 	LD   R31,Z
                 	.ENDM
                 
                 	.MACRO __GETW1SX
                 	MOVW R30,R28
                 	SUBI R30,LOW(-@0)
                 	SBCI R31,HIGH(-@0)
                 	LD   R0,Z+
                 	LD   R31,Z
                 	MOV  R30,R0
                 	.ENDM
                 
                 	.MACRO __GETD1SX
                 	MOVW R30,R28
                 	SUBI R30,LOW(-@0)
                 	SBCI R31,HIGH(-@0)
                 	LD   R0,Z+
                 	LD   R1,Z+
                 	LD   R22,Z+
                 	LD   R23,Z
                 	MOVW R30,R0
                 	.ENDM
                 
                 	.MACRO __GETB2SX
                 	MOVW R26,R28
                 	SUBI R26,LOW(-@0)
                 	SBCI R27,HIGH(-@0)
                 	LD   R26,X
                 	.ENDM
                 
                 	.MACRO __GETW2SX
                 	MOVW R26,R28
                 	SUBI R26,LOW(-@0)
                 	SBCI R27,HIGH(-@0)
                 	LD   R0,X+
                 	LD   R27,X
                 	MOV  R26,R0
                 	.ENDM
                 
                 	.MACRO __GETD2SX
                 	MOVW R26,R28
                 	SUBI R26,LOW(-@0)
                 	SBCI R27,HIGH(-@0)
                 	LD   R0,X+
                 	LD   R1,X+
                 	LD   R24,X+
                 	LD   R25,X
                 	MOVW R26,R0
                 	.ENDM
                 
                 	.MACRO __GETBRSX
                 	MOVW R30,R28
                 	SUBI R30,LOW(-@1)
                 	SBCI R31,HIGH(-@1)
                 	LD   R@0,Z
                 	.ENDM
                 
                 	.MACRO __GETWRSX
                 	MOVW R30,R28
                 	SUBI R30,LOW(-@2)
                 	SBCI R31,HIGH(-@2)
                 	LD   R@0,Z+
                 	LD   R@1,Z
                 	.ENDM
                 
                 	.MACRO __GETBRSX2
                 	MOVW R26,R28
                 	SUBI R26,LOW(-@1)
                 	SBCI R27,HIGH(-@1)
                 	LD   R@0,X
                 	.ENDM
                 
                 	.MACRO __GETWRSX2
                 	MOVW R26,R28
                 	SUBI R26,LOW(-@2)
                 	SBCI R27,HIGH(-@2)
                 	LD   R@0,X+
                 	LD   R@1,X
                 	.ENDM
                 
                 	.MACRO __LSLW8SX
                 	MOVW R30,R28
                 	SUBI R30,LOW(-@0)
                 	SBCI R31,HIGH(-@0)
                 	LD   R31,Z
                 	CLR  R30
                 	.ENDM
                 
                 	.MACRO __PUTB1SX
                 	MOVW R26,R28
                 	SUBI R26,LOW(-@0)
                 	SBCI R27,HIGH(-@0)
                 	ST   X,R30
                 	.ENDM
                 
                 	.MACRO __PUTW1SX
                 	MOVW R26,R28
                 	SUBI R26,LOW(-@0)
                 	SBCI R27,HIGH(-@0)
                 	ST   X+,R30
                 	ST   X,R31
                 	.ENDM
                 
                 	.MACRO __PUTD1SX
                 	MOVW R26,R28
                 	SUBI R26,LOW(-@0)
                 	SBCI R27,HIGH(-@0)
                 	ST   X+,R30
                 	ST   X+,R31
                 	ST   X+,R22
                 	ST   X,R23
                 	.ENDM
                 
                 	.MACRO __CLRW1SX
                 	MOVW R26,R28
                 	SUBI R26,LOW(-@0)
                 	SBCI R27,HIGH(-@0)
                 	ST   X+,R30
                 	ST   X,R30
                 	.ENDM
                 
                 	.MACRO __CLRD1SX
                 	MOVW R26,R28
                 	SUBI R26,LOW(-@0)
                 	SBCI R27,HIGH(-@0)
                 	ST   X+,R30
                 	ST   X+,R30
                 	ST   X+,R30
                 	ST   X,R30
                 	.ENDM
                 
                 	.MACRO __PUTB2SX
                 	MOVW R30,R28
                 	SUBI R30,LOW(-@0)
                 	SBCI R31,HIGH(-@0)
                 	ST   Z,R26
                 	.ENDM
                 
                 	.MACRO __PUTW2SX
                 	MOVW R30,R28
                 	SUBI R30,LOW(-@0)
                 	SBCI R31,HIGH(-@0)
                 	ST   Z+,R26
                 	ST   Z,R27
                 	.ENDM
                 
                 	.MACRO __PUTD2SX
                 	MOVW R30,R28
                 	SUBI R30,LOW(-@0)
                 	SBCI R31,HIGH(-@0)
                 	ST   Z+,R26
                 	ST   Z+,R27
                 	ST   Z+,R24
                 	ST   Z,R25
                 	.ENDM
                 
                 	.MACRO __PUTBSRX
                 	MOVW R30,R28
                 	SUBI R30,LOW(-@1)
                 	SBCI R31,HIGH(-@1)
                 	ST   Z,R@0
                 	.ENDM
                 
                 	.MACRO __PUTWSRX
                 	MOVW R30,R28
                 	SUBI R30,LOW(-@2)
                 	SBCI R31,HIGH(-@2)
                 	ST   Z+,R@0
                 	ST   Z,R@1
                 	.ENDM
                 
                 	.MACRO __PUTB1SNX
                 	MOVW R26,R28
                 	SUBI R26,LOW(-@0)
                 	SBCI R27,HIGH(-@0)
                 	LD   R0,X+
                 	LD   R27,X
                 	MOV  R26,R0
                 	SUBI R26,LOW(-@1)
                 	SBCI R27,HIGH(-@1)
                 	ST   X,R30
                 	.ENDM
                 
                 	.MACRO __PUTW1SNX
                 	MOVW R26,R28
                 	SUBI R26,LOW(-@0)
                 	SBCI R27,HIGH(-@0)
                 	LD   R0,X+
                 	LD   R27,X
                 	MOV  R26,R0
                 	SUBI R26,LOW(-@1)
                 	SBCI R27,HIGH(-@1)
                 	ST   X+,R30
                 	ST   X,R31
                 	.ENDM
                 
                 	.MACRO __PUTD1SNX
                 	MOVW R26,R28
                 	SUBI R26,LOW(-@0)
                 	SBCI R27,HIGH(-@0)
                 	LD   R0,X+
                 	LD   R27,X
                 	MOV  R26,R0
                 	SUBI R26,LOW(-@1)
                 	SBCI R27,HIGH(-@1)
                 	ST   X+,R30
                 	ST   X+,R31
                 	ST   X+,R22
                 	ST   X,R23
                 	.ENDM
                 
                 	.MACRO __MULBRR
                 	MULS R@0,R@1
                 	MOVW R30,R0
                 	.ENDM
                 
                 	.MACRO __MULBRRU
                 	MUL  R@0,R@1
                 	MOVW R30,R0
                 	.ENDM
                 
                 	.MACRO __MULBRR0
                 	MULS R@0,R@1
                 	.ENDM
                 
                 	.MACRO __MULBRRU0
                 	MUL  R@0,R@1
                 	.ENDM
                 
                 	.MACRO __MULBNWRU
                 	LDI  R26,@2
                 	MUL  R26,R@0
                 	MOVW R30,R0
                 	MUL  R26,R@1
                 	ADD  R31,R0
                 	.ENDM
                 
                 ;NAME DEFINITIONS FOR GLOBAL VARIABLES ALLOCATED TO REGISTERS
                 	.DEF _num=R4
                 	.DEF _portero=R6
                 	.DEF _jug1=R9
                 	.DEF _jug2=R8
                 	.DEF __lcd_x=R11
                 	.DEF __lcd_y=R10
                 	.DEF __lcd_maxx=R13
                 
                 	.CSEG
                 	.ORG 0x00
                 
                 ;START OF CODE MARKER
                 __START_OF_CODE:
                 
                 ;INTERRUPT VECTORS
000000 c06a      	RJMP __RESET
000001 cffe      	RJMP 0x00
000002 cffd      	RJMP 0x00
000003 cffc      	RJMP 0x00
000004 cffb      	RJMP 0x00
000005 cffa      	RJMP 0x00
000006 cff9      	RJMP 0x00
000007 cff8      	RJMP 0x00
000008 cff7      	RJMP 0x00
000009 cff6      	RJMP 0x00
00000a cff5      	RJMP 0x00
00000b cff4      	RJMP 0x00
00000c cff3      	RJMP 0x00
00000d cff2      	RJMP 0x00
00000e cff1      	RJMP 0x00
00000f cff0      	RJMP 0x00
000010 cfef      	RJMP 0x00
000011 cfee      	RJMP 0x00
000012 cfed      	RJMP 0x00
000013 cfec      	RJMP 0x00
000014 cfeb      	RJMP 0x00
                 
                 ;GLOBAL REGISTER VARIABLES INITIALIZATION
                 __REG_VARS:
000015 0000
000016 0000      	.DB  0x0,0x0,0x0,0x0
000017 0000      	.DB  0x0,0x0
                 
                 _0x3:
C:\Users\ruben\Desktop\practicanose\List\lcd.asm(1113): warning: .cseg .db misalignment - padding zero byte
000018 0030      	.DB  0x30
                 _0x0:
000019 4950
00001a 474e
00001b 502d
00001c 4e4f      	.DB  0x50,0x49,0x4E,0x47,0x2D,0x50,0x4F,0x4E
00001d 0047
00001e 4146
00001f 0053
000020 4e49      	.DB  0x47,0x0,0x46,0x41,0x53,0x0,0x49,0x4E
000021 5453
000022 5552
000023 4343
000024 4f49      	.DB  0x53,0x54,0x52,0x55,0x43,0x43,0x49,0x4F
000025 454e
000026 0053
000027 2e31
000028 6147      	.DB  0x4E,0x45,0x53,0x0,0x31,0x2E,0x47,0x61
000029 616e
00002a 7120
00002b 6975
00002c 6e65      	.DB  0x6E,0x61,0x20,0x71,0x75,0x69,0x65,0x6E
00002d 7400
00002e 6e65
00002f 6167
000030 3920      	.DB  0x0,0x74,0x65,0x6E,0x67,0x61,0x20,0x39
000031 7020
000032 6e75
000033 6f74
000034 0073      	.DB  0x20,0x70,0x75,0x6E,0x74,0x6F,0x73,0x0
000035 2e32
000036 6944
000037 6976
000038 7265      	.DB  0x32,0x2E,0x44,0x69,0x76,0x69,0x65,0x72
000039 6174
00003a 736e
00003b 0065
00003c 7243      	.DB  0x74,0x61,0x6E,0x73,0x65,0x0,0x43,0x72
00003d 6165
00003e 6f64
00003f 7020
000040 726f      	.DB  0x65,0x61,0x64,0x6F,0x20,0x70,0x6F,0x72
000041 003a
000042 7552
000043 6562
000044 206e      	.DB  0x3A,0x0,0x52,0x75,0x62,0x65,0x6E,0x20
000045 614c
000046 6172
000047 4500
000048 6972      	.DB  0x4C,0x61,0x72,0x61,0x0,0x45,0x72,0x69
000049 206b
00004a 6f4d
00004b 6172
00004c 656c      	.DB  0x6B,0x20,0x4D,0x6F,0x72,0x61,0x6C,0x65
00004d 0073
00004e 7649
00004f 6e61
000050 4120      	.DB  0x73,0x0,0x49,0x76,0x61,0x6E,0x20,0x41
000051 646c
000052 7661
000053 7265
000054 0061      	.DB  0x6C,0x64,0x61,0x76,0x65,0x72,0x61,0x0
000055 6f43
000056 696d
000057 6e65
000058 617a      	.DB  0x43,0x6F,0x6D,0x69,0x65,0x6E,0x7A,0x61
C:\Users\ruben\Desktop\practicanose\List\lcd.asm(1131): warning: .cseg .db misalignment - padding zero byte
000059 0000      	.DB  0x0
                 _0x2000060:
C:\Users\ruben\Desktop\practicanose\List\lcd.asm(1133): warning: .cseg .db misalignment - padding zero byte
00005a 0001      	.DB  0x1
                 _0x2000000:
00005b 4e2d
00005c 4e41
00005d 4900
00005e 464e      	.DB  0x2D,0x4E,0x41,0x4E,0x0,0x49,0x4E,0x46
C:\Users\ruben\Desktop\practicanose\List\lcd.asm(1136): warning: .cseg .db misalignment - padding zero byte
00005f 0000      	.DB  0x0
                 _0x2020003:
000060 c080      	.DB  0x80,0xC0
                 
                 __GLOBAL_INI_TBL:
000061 0006      	.DW  0x06
000062 0004      	.DW  0x04
000063 002a      	.DW  __REG_VARS*2
                 
000064 0001      	.DW  0x01
000065 00e0      	.DW  __seed_G100
000066 00b4      	.DW  _0x2000060*2
                 
000067 0002      	.DW  0x02
000068 00e4      	.DW  __base_y_G101
000069 00c0      	.DW  _0x2020003*2
                 
                 _0xFFFFFFFF:
00006a 0000      	.DW  0
                 
                 __RESET:
00006b 94f8      	CLI
00006c 27ee      	CLR  R30
00006d bbec      	OUT  EECR,R30
                 
                 ;INTERRUPT VECTORS ARE PLACED
                 ;AT THE START OF FLASH
00006e e0f1      	LDI  R31,1
00006f bffb      	OUT  GICR,R31
000070 bfeb      	OUT  GICR,R30
000071 bfe5      	OUT  MCUCR,R30
                 
                 ;DISABLE WATCHDOG
000072 e1f8      	LDI  R31,0x18
000073 bdf1      	OUT  WDTCR,R31
000074 bde1      	OUT  WDTCR,R30
                 
                 ;CLEAR R2-R14
000075 e08d      	LDI  R24,(14-2)+1
000076 e0a2      	LDI  R26,2
000077 27bb      	CLR  R27
                 __CLEAR_REG:
000078 93ed      	ST   X+,R30
000079 958a      	DEC  R24
00007a f7e9      	BRNE __CLEAR_REG
                 
                 ;CLEAR SRAM
00007b e080      	LDI  R24,LOW(__CLEAR_SRAM_SIZE)
00007c e092      	LDI  R25,HIGH(__CLEAR_SRAM_SIZE)
00007d e6a0      	LDI  R26,__SRAM_START
                 __CLEAR_SRAM:
00007e 93ed      	ST   X+,R30
00007f 9701      	SBIW R24,1
000080 f7e9      	BRNE __CLEAR_SRAM
                 
                 ;GLOBAL VARIABLES INITIALIZATION
000081 ece2      	LDI  R30,LOW(__GLOBAL_INI_TBL*2)
000082 e0f0      	LDI  R31,HIGH(__GLOBAL_INI_TBL*2)
                 __GLOBAL_INI_NEXT:
000083 9185      	LPM  R24,Z+
000084 9195      	LPM  R25,Z+
000085 9700      	SBIW R24,0
000086 f061      	BREQ __GLOBAL_INI_END
000087 91a5      	LPM  R26,Z+
000088 91b5      	LPM  R27,Z+
000089 9005      	LPM  R0,Z+
00008a 9015      	LPM  R1,Z+
00008b 01bf      	MOVW R22,R30
00008c 01f0      	MOVW R30,R0
                 __GLOBAL_INI_LOOP:
00008d 9005      	LPM  R0,Z+
00008e 920d      	ST   X+,R0
00008f 9701      	SBIW R24,1
000090 f7e1      	BRNE __GLOBAL_INI_LOOP
000091 01fb      	MOVW R30,R22
000092 cff0      	RJMP __GLOBAL_INI_NEXT
                 __GLOBAL_INI_END:
                 
                 ;HARDWARE STACK POINTER INITIALIZATION
000093 e5ef      	LDI  R30,LOW(__SRAM_END-__HEAP_SIZE)
000094 bfed      	OUT  SPL,R30
000095 e0e2      	LDI  R30,HIGH(__SRAM_END-__HEAP_SIZE)
000096 bfee      	OUT  SPH,R30
                 
                 ;DATA STACK POINTER INITIALIZATION
000097 eec0      	LDI  R28,LOW(__SRAM_START+__DSTACK_SIZE)
000098 e0d0      	LDI  R29,HIGH(__SRAM_START+__DSTACK_SIZE)
                 
000099 c000      	RJMP _main
                 
                 	.ESEG
                 	.ORG 0
                 
                 	.DSEG
                 	.ORG 0xE0
                 
                 	.CSEG
                 ;/*******************************************************
                 ;This program was created by the
                 ;CodeWizardAVR V2.60 Evaluation
                 ;Automatic Program Generator
                 ;© Copyright 1998-2012 Pavel Haiduc, HP InfoTech s.r.l.
                 ;http://www.hpinfotech.com
                 ;
                 ;Project :
                 ;Version :
                 ;Date    : 16/04/2019
                 ;Author  :
                 ;Company :
                 ;Comments:
                 ;
                 ;
                 ;Chip type               : ATmega8535L
                 ;Program type            : Application
                 ;AVR Core Clock frequency: 1,000000 MHz
                 ;Memory model            : Small
                 ;External RAM size       : 0
                 ;Data Stack size         : 128
                 ;*******************************************************/
                 ;
                 ;#include <mega8535.h>
                 	#ifndef __SLEEP_DEFINED__
                 	#define __SLEEP_DEFINED__
                 	.EQU __se_bit=0x40
                 	.EQU __sm_mask=0xB0
                 	.EQU __sm_powerdown=0x20
                 	.EQU __sm_powersave=0x30
                 	.EQU __sm_standby=0xA0
                 	.EQU __sm_ext_standby=0xB0
                 	.EQU __sm_adc_noise_red=0x10
                 	.SET power_ctrl_reg=mcucr
                 	#endif
                 ;
                 ;#include <delay.h>
                 ;#include <stdlib.h>
                 ;// Alphanumeric LCD functions
                 ;#include <alcd.h>
                 ;
                 ;
                 ;
                 ;#define movi1 PIND.0
                 ;#define movd1 PIND.1
                 ;#define movi2 PIND.2
                 ;#define movd2 PIND.3
                 ;
                 ;int num=0;
                 ;int portero;
                 ;unsigned char jug1=0,jug2=0;
                 ;const char car=48; //codigo ascii
                 
                 	.DSEG
                 ;
                 ;// Declare your global variables here
                 ;
                 ;#define ADC_VREF_TYPE ((0<<REFS1) | (1<<REFS0) | (1<<ADLAR))
                 ;
                 ;// Read the 8 most significant bits
                 ;// of the AD conversion result
                 ;
                 ;
                 ;void main(void)
                 ; 0000 0034 {
                 
                 	.CSEG
                 _main:
                 ; .FSTART _main
                 ; 0000 0035 // Declare your local variables here
                 ; 0000 0036 
                 ; 0000 0037 // Input/Output Ports initialization
                 ; 0000 0038 // Port A initialization
                 ; 0000 0039 // Function: Bit7=In Bit6=In Bit5=In Bit4=In Bit3=In Bit2=In Bit1=In Bit0=In
                 ; 0000 003A DDRA=(0<<DDA7) | (0<<DDA6) | (0<<DDA5) | (0<<DDA4) | (0<<DDA3) | (0<<DDA2) | (0<<DDA1) | (0<<DDA0);
00009a e0e0      	LDI  R30,LOW(0)
00009b bbea      	OUT  0x1A,R30
                 ; 0000 003B // State: Bit7=T Bit6=T Bit5=T Bit4=T Bit3=T Bit2=T Bit1=T Bit0=T
                 ; 0000 003C PORTA=(0<<PORTA7) | (0<<PORTA6) | (0<<PORTA5) | (0<<PORTA4) | (0<<PORTA3) | (0<<PORTA2) | (0<<PORTA1) | (0<<PORTA0);
00009c bbeb      	OUT  0x1B,R30
                 ; 0000 003D 
                 ; 0000 003E // Port B initialization
                 ; 0000 003F // Function: Bit7=Out Bit6=Out Bit5=Out Bit4=Out Bit3=Out Bit2=Out Bit1=Out Bit0=Out
                 ; 0000 0040 DDRB=(1<<DDB7) | (1<<DDB6) | (1<<DDB5) | (1<<DDB4) | (1<<DDB3) | (1<<DDB2) | (1<<DDB1) | (1<<DDB0);
00009d efef      	LDI  R30,LOW(255)
00009e bbe7      	OUT  0x17,R30
                 ; 0000 0041 // State: Bit7=0 Bit6=0 Bit5=0 Bit4=0 Bit3=0 Bit2=0 Bit1=0 Bit0=0
                 ; 0000 0042 PORTB=(0<<PORTB7) | (0<<PORTB6) | (0<<PORTB5) | (0<<PORTB4) | (0<<PORTB3) | (0<<PORTB2) | (0<<PORTB1) | (0<<PORTB0);
00009f e0e0      	LDI  R30,LOW(0)
0000a0 bbe8      	OUT  0x18,R30
                 ; 0000 0043 
                 ; 0000 0044 // Port C initialization
                 ; 0000 0045 // Function: Bit7=In Bit6=In Bit5=In Bit4=In Bit3=In Bit2=In Bit1=In Bit0=In
                 ; 0000 0046 DDRC=(0<<DDC7) | (0<<DDC6) | (0<<DDC5) | (0<<DDC4) | (0<<DDC3) | (0<<DDC2) | (0<<DDC1) | (0<<DDC0);
0000a1 bbe4      	OUT  0x14,R30
                 ; 0000 0047 // State: Bit7=T Bit6=T Bit5=T Bit4=T Bit3=T Bit2=T Bit1=T Bit0=T
                 ; 0000 0048 PORTC=(0<<PORTC7) | (0<<PORTC6) | (0<<PORTC5) | (0<<PORTC4) | (0<<PORTC3) | (0<<PORTC2) | (0<<PORTC1) | (0<<PORTC0);
0000a2 bbe5      	OUT  0x15,R30
                 ; 0000 0049 
                 ; 0000 004A // Port D initialization
                 ; 0000 004B // Function: Bit7=In Bit6=In Bit5=In Bit4=In Bit3=In Bit2=In Bit1=In Bit0=In
                 ; 0000 004C DDRD=(0<<DDD7) | (0<<DDD6) | (0<<DDD5) | (0<<DDD4) | (0<<DDD3) | (0<<DDD2) | (0<<DDD1) | (0<<DDD0);
0000a3 bbe1      	OUT  0x11,R30
                 ; 0000 004D // State: Bit7=P Bit6=P Bit5=P Bit4=P Bit3=P Bit2=P Bit1=P Bit0=P
                 ; 0000 004E PORTD=(1<<PORTD7) | (1<<PORTD6) | (1<<PORTD5) | (1<<PORTD4) | (1<<PORTD3) | (1<<PORTD2) | (1<<PORTD1) | (1<<PORTD0);
0000a4 efef      	LDI  R30,LOW(255)
0000a5 bbe2      	OUT  0x12,R30
                 ; 0000 004F 
                 ; 0000 0050 // Timer/Counter 0 initialization
                 ; 0000 0051 // Clock source: System Clock
                 ; 0000 0052 // Clock value: Timer 0 Stopped
                 ; 0000 0053 // Mode: Normal top=0xFF
                 ; 0000 0054 // OC0 output: Disconnected
                 ; 0000 0055 TCCR0=(0<<WGM00) | (0<<COM01) | (0<<COM00) | (0<<WGM01) | (0<<CS02) | (0<<CS01) | (0<<CS00);
0000a6 e0e0      	LDI  R30,LOW(0)
0000a7 bfe3      	OUT  0x33,R30
                 ; 0000 0056 TCNT0=0x00;
0000a8 bfe2      	OUT  0x32,R30
                 ; 0000 0057 OCR0=0x00;
0000a9 bfec      	OUT  0x3C,R30
                 ; 0000 0058 
                 ; 0000 0059 // Timer/Counter 1 initialization
                 ; 0000 005A // Clock source: System Clock
                 ; 0000 005B // Clock value: Timer1 Stopped
                 ; 0000 005C // Mode: Normal top=0xFFFF
                 ; 0000 005D // OC1A output: Disconnected
                 ; 0000 005E // OC1B output: Disconnected
                 ; 0000 005F // Noise Canceler: Off
                 ; 0000 0060 // Input Capture on Falling Edge
                 ; 0000 0061 // Timer1 Overflow Interrupt: Off
                 ; 0000 0062 // Input Capture Interrupt: Off
                 ; 0000 0063 // Compare A Match Interrupt: Off
                 ; 0000 0064 // Compare B Match Interrupt: Off
                 ; 0000 0065 TCCR1A=(0<<COM1A1) | (0<<COM1A0) | (0<<COM1B1) | (0<<COM1B0) | (0<<WGM11) | (0<<WGM10);
0000aa bdef      	OUT  0x2F,R30
                 ; 0000 0066 TCCR1B=(0<<ICNC1) | (0<<ICES1) | (0<<WGM13) | (0<<WGM12) | (0<<CS12) | (0<<CS11) | (0<<CS10);
0000ab bdee      	OUT  0x2E,R30
                 ; 0000 0067 TCNT1H=0x00;
0000ac bded      	OUT  0x2D,R30
                 ; 0000 0068 TCNT1L=0x00;
0000ad bdec      	OUT  0x2C,R30
                 ; 0000 0069 ICR1H=0x00;
0000ae bde7      	OUT  0x27,R30
                 ; 0000 006A ICR1L=0x00;
0000af bde6      	OUT  0x26,R30
                 ; 0000 006B OCR1AH=0x00;
0000b0 bdeb      	OUT  0x2B,R30
                 ; 0000 006C OCR1AL=0x00;
0000b1 bdea      	OUT  0x2A,R30
                 ; 0000 006D OCR1BH=0x00;
0000b2 bde9      	OUT  0x29,R30
                 ; 0000 006E OCR1BL=0x00;
0000b3 bde8      	OUT  0x28,R30
                 ; 0000 006F 
                 ; 0000 0070 // Timer/Counter 2 initialization
                 ; 0000 0071 // Clock source: System Clock
                 ; 0000 0072 // Clock value: Timer2 Stopped
                 ; 0000 0073 // Mode: Normal top=0xFF
                 ; 0000 0074 // OC2 output: Disconnected
                 ; 0000 0075 ASSR=0<<AS2;
0000b4 bde2      	OUT  0x22,R30
                 ; 0000 0076 TCCR2=(0<<WGM20) | (0<<COM21) | (0<<COM20) | (0<<WGM21) | (0<<CS22) | (0<<CS21) | (0<<CS20);
0000b5 bde5      	OUT  0x25,R30
                 ; 0000 0077 TCNT2=0x00;
0000b6 bde4      	OUT  0x24,R30
                 ; 0000 0078 OCR2=0x00;
0000b7 bde3      	OUT  0x23,R30
                 ; 0000 0079 
                 ; 0000 007A // Timer(s)/Counter(s) Interrupt(s) initialization
                 ; 0000 007B TIMSK=(0<<OCIE2) | (0<<TOIE2) | (0<<TICIE1) | (0<<OCIE1A) | (0<<OCIE1B) | (0<<TOIE1) | (0<<OCIE0) | (0<<TOIE0);
0000b8 bfe9      	OUT  0x39,R30
                 ; 0000 007C 
                 ; 0000 007D // External Interrupt(s) initialization
                 ; 0000 007E // INT0: Off
                 ; 0000 007F // INT1: Off
                 ; 0000 0080 // INT2: Off
                 ; 0000 0081 MCUCR=(0<<ISC11) | (0<<ISC10) | (0<<ISC01) | (0<<ISC00);
0000b9 bfe5      	OUT  0x35,R30
                 ; 0000 0082 MCUCSR=(0<<ISC2);
0000ba bfe4      	OUT  0x34,R30
                 ; 0000 0083 
                 ; 0000 0084 // USART initialization
                 ; 0000 0085 // USART disabled
                 ; 0000 0086 UCSRB=(0<<RXCIE) | (0<<TXCIE) | (0<<UDRIE) | (0<<RXEN) | (0<<TXEN) | (0<<UCSZ2) | (0<<RXB8) | (0<<TXB8);
0000bb b9ea      	OUT  0xA,R30
                 ; 0000 0087 
                 ; 0000 0088 // Analog Comparator initialization
                 ; 0000 0089 // Analog Comparator: Off
                 ; 0000 008A ACSR=(1<<ACD) | (0<<ACBG) | (0<<ACO) | (0<<ACI) | (0<<ACIE) | (0<<ACIC) | (0<<ACIS1) | (0<<ACIS0);
0000bc e8e0      	LDI  R30,LOW(128)
0000bd b9e8      	OUT  0x8,R30
                 ; 0000 008B 
                 ; 0000 008C // ADC initialization
                 ; 0000 008D // ADC Clock frequency: 500,000 kHz
                 ; 0000 008E // ADC Voltage Reference: AVCC pin
                 ; 0000 008F // ADC High Speed Mode: Off
                 ; 0000 0090 // ADC Auto Trigger Source: ADC Stopped
                 ; 0000 0091 // Only the 8 most significant bits of
                 ; 0000 0092 // the AD conversion result are used
                 ; 0000 0093 ADMUX=ADC_VREF_TYPE;
0000be e6e0      	LDI  R30,LOW(96)
0000bf b9e7      	OUT  0x7,R30
                 ; 0000 0094 ADCSRA=(1<<ADEN) | (0<<ADSC) | (0<<ADATE) | (0<<ADIF) | (0<<ADIE) | (0<<ADPS2) | (0<<ADPS1) | (1<<ADPS0);
0000c0 e8e1      	LDI  R30,LOW(129)
0000c1 b9e6      	OUT  0x6,R30
                 ; 0000 0095 SFIOR=(1<<ADHSM) | (0<<ADTS2) | (0<<ADTS1) | (0<<ADTS0);
0000c2 e1e0      	LDI  R30,LOW(16)
0000c3 bfe0      	OUT  0x30,R30
                 ; 0000 0096 
                 ; 0000 0097 // SPI initialization
                 ; 0000 0098 // SPI disabled
                 ; 0000 0099 SPCR=(0<<SPIE) | (0<<SPE) | (0<<DORD) | (0<<MSTR) | (0<<CPOL) | (0<<CPHA) | (0<<SPR1) | (0<<SPR0);
0000c4 e0e0      	LDI  R30,LOW(0)
0000c5 b9ed      	OUT  0xD,R30
                 ; 0000 009A 
                 ; 0000 009B // TWI initialization
                 ; 0000 009C // TWI disabled
                 ; 0000 009D TWCR=(0<<TWEA) | (0<<TWSTA) | (0<<TWSTO) | (0<<TWEN) | (0<<TWIE);
0000c6 bfe6      	OUT  0x36,R30
                 ; 0000 009E 
                 ; 0000 009F // Alphanumeric LCD initialization
                 ; 0000 00A0 // Connections are specified in the
                 ; 0000 00A1 // Project|Configure|C Compiler|Libraries|Alphanumeric LCD menu:
                 ; 0000 00A2 // RS - PORTB Bit 0
                 ; 0000 00A3 // RD - PORTB Bit 1
                 ; 0000 00A4 // EN - PORTB Bit 2
                 ; 0000 00A5 // D4 - PORTB Bit 4
                 ; 0000 00A6 // D5 - PORTB Bit 5
                 ; 0000 00A7 // D6 - PORTB Bit 6
                 ; 0000 00A8 // D7 - PORTB Bit 7
                 ; 0000 00A9 // Characters/line: 16
                 ; 0000 00AA lcd_init(16);
0000c7 e1a0      	LDI  R26,LOW(16)
0000c8 d167      	RCALL _lcd_init
                 ; 0000 00AB 
                 ; 0000 00AC while (1)
                 _0x4:
                 ; 0000 00AD       {
                 ; 0000 00AE           jug1=0, jug2=0;
0000c9 2499      	CLR  R9
0000ca 2488      	CLR  R8
                 ; 0000 00AF           lcd_clear();
0000cb d132      	RCALL _lcd_clear
                 ; 0000 00B0           lcd_gotoxy(4,0);
0000cc e0e4      	LDI  R30,LOW(4)
0000cd d18b      	RCALL SUBOPT_0x0
                 ; 0000 00B1           lcd_putsf("PING-PONG");
                +
0000ce e3a2     +LDI R26 , LOW ( 2 * _0x0 + ( 0 ) )
0000cf e0b0     +LDI R27 , HIGH ( 2 * _0x0 + ( 0 ) )
                 	__POINTW2FN _0x0,0
0000d0 d14c      	RCALL _lcd_putsf
                 ; 0000 00B2           lcd_gotoxy(6,1);
0000d1 e0e6      	LDI  R30,LOW(6)
0000d2 d189      	RCALL SUBOPT_0x1
                 ; 0000 00B3           lcd_putsf("FAS");
                +
0000d3 e3ac     +LDI R26 , LOW ( 2 * _0x0 + ( 10 ) )
0000d4 e0b0     +LDI R27 , HIGH ( 2 * _0x0 + ( 10 ) )
                 	__POINTW2FN _0x0,10
0000d5 d189      	RCALL SUBOPT_0x2
                 ; 0000 00B4           delay_ms(1500);
                 ; 0000 00B5           lcd_clear();
                 ; 0000 00B6 
                 ; 0000 00B7           lcd_gotoxy(1,0);
0000d6 e0e1      	LDI  R30,LOW(1)
0000d7 d181      	RCALL SUBOPT_0x0
                 ; 0000 00B8           lcd_putsf("INSTRUCCIONES");
                +
0000d8 e4a0     +LDI R26 , LOW ( 2 * _0x0 + ( 14 ) )
0000d9 e0b0     +LDI R27 , HIGH ( 2 * _0x0 + ( 14 ) )
                 	__POINTW2FN _0x0,14
0000da d142      	RCALL _lcd_putsf
                 ; 0000 00B9           delay_ms(1000);
0000db eea8      	LDI  R26,LOW(1000)
0000dc e0b3      	LDI  R27,HIGH(1000)
0000dd d186      	RCALL SUBOPT_0x3
                 ; 0000 00BA           lcd_clear();
                 ; 0000 00BB 
                 ; 0000 00BC           lcd_gotoxy(0,0);
                 ; 0000 00BD           lcd_putsf("1.Gana quien");
                +
0000de e4ae     +LDI R26 , LOW ( 2 * _0x0 + ( 28 ) )
0000df e0b0     +LDI R27 , HIGH ( 2 * _0x0 + ( 28 ) )
                 	__POINTW2FN _0x0,28
0000e0 d13c      	RCALL _lcd_putsf
                 ; 0000 00BE           lcd_gotoxy(0,1);
0000e1 e0e0      	LDI  R30,LOW(0)
0000e2 d179      	RCALL SUBOPT_0x1
                 ; 0000 00BF           lcd_putsf("tenga 9 puntos");
                +
0000e3 e5ab     +LDI R26 , LOW ( 2 * _0x0 + ( 41 ) )
0000e4 e0b0     +LDI R27 , HIGH ( 2 * _0x0 + ( 41 ) )
                 	__POINTW2FN _0x0,41
0000e5 d137      	RCALL _lcd_putsf
                 ; 0000 00C0           delay_ms(1800);
0000e6 e0a8      	LDI  R26,LOW(1800)
0000e7 e0b7      	LDI  R27,HIGH(1800)
0000e8 d17b      	RCALL SUBOPT_0x3
                 ; 0000 00C1           lcd_clear();
                 ; 0000 00C2 
                 ; 0000 00C3           lcd_gotoxy(0,0);
                 ; 0000 00C4           lcd_putsf("2.Diviertanse");
                +
0000e9 e6aa     +LDI R26 , LOW ( 2 * _0x0 + ( 56 ) )
0000ea e0b0     +LDI R27 , HIGH ( 2 * _0x0 + ( 56 ) )
                 	__POINTW2FN _0x0,56
0000eb d131      	RCALL _lcd_putsf
                 ; 0000 00C5           delay_ms(1800);
0000ec e0a8      	LDI  R26,LOW(1800)
0000ed e0b7      	LDI  R27,HIGH(1800)
0000ee d1c8      	RCALL _delay_ms
                 ; 0000 00C6           lcd_clear();
0000ef d10e      	RCALL _lcd_clear
                 ; 0000 00C7 
                 ; 0000 00C8           lcd_gotoxy(2,0);
0000f0 e0e2      	LDI  R30,LOW(2)
0000f1 d167      	RCALL SUBOPT_0x0
                 ; 0000 00C9           lcd_putsf("Creado por:");
                +
0000f2 e7a8     +LDI R26 , LOW ( 2 * _0x0 + ( 70 ) )
0000f3 e0b0     +LDI R27 , HIGH ( 2 * _0x0 + ( 70 ) )
                 	__POINTW2FN _0x0,70
0000f4 d16a      	RCALL SUBOPT_0x2
                 ; 0000 00CA           delay_ms(1500);
                 ; 0000 00CB           lcd_clear();
                 ; 0000 00CC 
                 ; 0000 00CD           lcd_gotoxy(0,0);
0000f5 d172      	RCALL SUBOPT_0x4
                 ; 0000 00CE           lcd_putsf("Ruben Lara");
                +
0000f6 e8a4     +LDI R26 , LOW ( 2 * _0x0 + ( 82 ) )
0000f7 e0b0     +LDI R27 , HIGH ( 2 * _0x0 + ( 82 ) )
                 	__POINTW2FN _0x0,82
0000f8 d166      	RCALL SUBOPT_0x2
                 ; 0000 00CF           delay_ms(1500);
                 ; 0000 00D0           lcd_clear();
                 ; 0000 00D1 
                 ; 0000 00D2           lcd_gotoxy(0,0);
0000f9 d16e      	RCALL SUBOPT_0x4
                 ; 0000 00D3           lcd_putsf("Erik Morales");
                +
0000fa e8af     +LDI R26 , LOW ( 2 * _0x0 + ( 93 ) )
0000fb e0b0     +LDI R27 , HIGH ( 2 * _0x0 + ( 93 ) )
                 	__POINTW2FN _0x0,93
0000fc d162      	RCALL SUBOPT_0x2
                 ; 0000 00D4           delay_ms(1500);
                 ; 0000 00D5           lcd_clear();
                 ; 0000 00D6 
                 ; 0000 00D7           lcd_gotoxy(0,0);
0000fd d16a      	RCALL SUBOPT_0x4
                 ; 0000 00D8           lcd_putsf("Ivan Aldavera");
                +
0000fe e9ac     +LDI R26 , LOW ( 2 * _0x0 + ( 106 ) )
0000ff e0b0     +LDI R27 , HIGH ( 2 * _0x0 + ( 106 ) )
                 	__POINTW2FN _0x0,106
000100 d15e      	RCALL SUBOPT_0x2
                 ; 0000 00D9           delay_ms(1500);
                 ; 0000 00DA           lcd_clear();
                 ; 0000 00DB 
                 ; 0000 00DC           lcd_gotoxy(0,0);
000101 d166      	RCALL SUBOPT_0x4
                 ; 0000 00DD           lcd_putsf("Comienza");
                +
000102 eaaa     +LDI R26 , LOW ( 2 * _0x0 + ( 120 ) )
000103 e0b0     +LDI R27 , HIGH ( 2 * _0x0 + ( 120 ) )
                 	__POINTW2FN _0x0,120
000104 d15a      	RCALL SUBOPT_0x2
                 ; 0000 00DE           delay_ms(1500);
                 ; 0000 00DF           lcd_clear();
                 ; 0000 00E0 
                 ; 0000 00E1           do{
                 _0x8:
                 ; 0000 00E2           int i,x=0,y=1;
                 ; 0000 00E3           lcd_gotoxy(0,0);
000105 9726      	SBIW R28,6
000106 e0e1      	LDI  R30,LOW(1)
000107 83e8      	ST   Y,R30
000108 e0e0      	LDI  R30,LOW(0)
000109 83e9      	STD  Y+1,R30
00010a 83ea      	STD  Y+2,R30
00010b 83eb      	STD  Y+3,R30
                 ;	i -> Y+4
                 ;	x -> Y+2
                 ;	y -> Y+0
00010c d15b      	RCALL SUBOPT_0x4
                 ; 0000 00E4           lcd_putchar(jug1+car);
00010d 2da9      	MOV  R26,R9
00010e 5da0      	SUBI R26,-LOW(48)
00010f d0f8      	RCALL _lcd_putchar
                 ; 0000 00E5           lcd_gotoxy(15,0);
000110 e0ef      	LDI  R30,LOW(15)
000111 d147      	RCALL SUBOPT_0x0
                 ; 0000 00E6           lcd_putchar(jug2+car);
000112 2da8      	MOV  R26,R8
000113 5da0      	SUBI R26,-LOW(48)
000114 d0f3      	RCALL _lcd_putchar
                 ; 0000 00E7 
                 ; 0000 00E8           lcd_gotoxy(5,0);
000115 e0e5      	LDI  R30,LOW(5)
000116 d142      	RCALL SUBOPT_0x0
                 ; 0000 00E9 
                 ; 0000 00EA           num++;
000117 01f2      	MOVW R30,R4
000118 9631      	ADIW R30,1
000119 012f      	MOVW R4,R30
                 ; 0000 00EB           if(num==4){
00011a e0e4      	LDI  R30,LOW(4)
00011b e0f0      	LDI  R31,HIGH(4)
00011c d14d      	RCALL SUBOPT_0x5
00011d f411      	BRNE _0xA
                 ; 0000 00EC           num=0;
00011e 2444      	CLR  R4
00011f 2455      	CLR  R5
                 ; 0000 00ED           }
                 ; 0000 00EE 
                 ; 0000 00EF           if(num==0){
                 _0xA:
000120 2c04      	MOV  R0,R4
000121 2805      	OR   R0,R5
000122 f531      	BRNE _0xB
                 ; 0000 00F0           for(i=13; i>=2; i--){
000123 d149      	RCALL SUBOPT_0x6
                 _0xD:
000124 d14d      	RCALL SUBOPT_0x7
000125 f114      	BRLT _0xE
                 ; 0000 00F1 
                 ; 0000 00F2           if(movi1==0){
000126 9980      	SBIC 0x10,0
000127 c006      	RJMP _0xF
                 ; 0000 00F3           lcd_gotoxy(1,1);
000128 e0e1      	LDI  R30,LOW(1)
000129 d132      	RCALL SUBOPT_0x1
                 ; 0000 00F4           lcd_putchar(32);
00012a d14b      	RCALL SUBOPT_0x8
                 ; 0000 00F5           portero=1;
00012b d14c      	RCALL SUBOPT_0x9
00012c 013f      	MOVW R6,R30
                 ; 0000 00F6           delay_ms(300);
00012d c004      	RJMP _0x35
                 ; 0000 00F7           lcd_gotoxy(1,portero);
                 ; 0000 00F8           lcd_putchar(124);
                 ; 0000 00F9           }
                 ; 0000 00FA 
                 ; 0000 00FB           else{
                 _0xF:
                 ; 0000 00FC           lcd_gotoxy(1,0);
00012e e0e1      	LDI  R30,LOW(1)
00012f d129      	RCALL SUBOPT_0x0
                 ; 0000 00FD           lcd_putchar(32);
000130 d145      	RCALL SUBOPT_0x8
                 ; 0000 00FE           portero=0;
000131 d149      	RCALL SUBOPT_0xA
                 ; 0000 00FF           delay_ms(300);
                 _0x35:
000132 e2ac      	LDI  R26,LOW(300)
000133 e0b1      	LDI  R27,HIGH(300)
000134 d149      	RCALL SUBOPT_0xB
                 ; 0000 0100           lcd_gotoxy(1,portero);
                 ; 0000 0101           lcd_putchar(124);
                 ; 0000 0102           }
                 ; 0000 0103 
                 ; 0000 0104 
                 ; 0000 0105 
                 ; 0000 0106           lcd_gotoxy(i,x);
000135 d14f      	RCALL SUBOPT_0xC
                 ; 0000 0107           lcd_putchar(46);
000136 d152      	RCALL SUBOPT_0xD
                 ; 0000 0108           delay_ms(200);
                 ; 0000 0109           lcd_gotoxy(i,x);
000137 d14d      	RCALL SUBOPT_0xC
                 ; 0000 010A           lcd_putchar(32);
000138 d13d      	RCALL SUBOPT_0x8
                 ; 0000 010B           i--;
000139 d154      	RCALL SUBOPT_0xE
                 ; 0000 010C           lcd_gotoxy(i,y);
00013a d159      	RCALL SUBOPT_0xF
                 ; 0000 010D           lcd_putchar(46);
00013b d14d      	RCALL SUBOPT_0xD
                 ; 0000 010E           delay_ms(200);
                 ; 0000 010F           lcd_gotoxy(i,y);
00013c d157      	RCALL SUBOPT_0xF
                 ; 0000 0110           lcd_putchar(32);
00013d d138      	RCALL SUBOPT_0x8
                 ; 0000 0111           if(i==2 && portero==0){
00013e d133      	RCALL SUBOPT_0x7
00013f f421      	BRNE _0x12
000140 2400      	CLR  R0
000141 1406      	CP   R0,R6
000142 0407      	CPC  R0,R7
000143 f009      	BREQ _0x13
                 _0x12:
000144 c001      	RJMP _0x11
                 _0x13:
                 ; 0000 0112           jug2++;
000145 9483      	INC  R8
                 ; 0000 0113           }
                 ; 0000 0114           }
                 _0x11:
000146 d147      	RCALL SUBOPT_0xE
000147 cfdc      	RJMP _0xD
                 _0xE:
                 ; 0000 0115           }
                 ; 0000 0116 
                 ; 0000 0117 
                 ; 0000 0118 
                 ; 0000 0119           else if(num==1){
000148 c084      	RJMP _0x14
                 _0xB:
000149 d12e      	RCALL SUBOPT_0x9
00014a d11f      	RCALL SUBOPT_0x5
00014b f551      	BRNE _0x15
                 ; 0000 011A           for(i=2; i<14; i++){
00014c e0e2      	LDI  R30,LOW(2)
00014d e0f0      	LDI  R31,HIGH(2)
00014e d149      	RCALL SUBOPT_0x10
                 _0x17:
00014f d14b      	RCALL SUBOPT_0x11
000150 971e      	SBIW R26,14
000151 f51c      	BRGE _0x18
                 ; 0000 011B 
                 ; 0000 011C           if(movi2==0){
000152 9982      	SBIC 0x10,2
000153 c006      	RJMP _0x19
                 ; 0000 011D           lcd_gotoxy(14,1);
000154 e0ee      	LDI  R30,LOW(14)
000155 d106      	RCALL SUBOPT_0x1
                 ; 0000 011E           lcd_putchar(32);
000156 d11f      	RCALL SUBOPT_0x8
                 ; 0000 011F           portero=1;
000157 d120      	RCALL SUBOPT_0x9
000158 013f      	MOVW R6,R30
                 ; 0000 0120           delay_ms(300);
000159 c004      	RJMP _0x36
                 ; 0000 0121           lcd_gotoxy(14,portero);
                 ; 0000 0122           lcd_putchar(124);
                 ; 0000 0123           }
                 ; 0000 0124 
                 ; 0000 0125           else{
                 _0x19:
                 ; 0000 0126           lcd_gotoxy(14,0);
00015a e0ee      	LDI  R30,LOW(14)
00015b d0fd      	RCALL SUBOPT_0x0
                 ; 0000 0127           lcd_putchar(32);
00015c d119      	RCALL SUBOPT_0x8
                 ; 0000 0128           portero=0;
00015d d11d      	RCALL SUBOPT_0xA
                 ; 0000 0129           delay_ms(300);
                 _0x36:
00015e e2ac      	LDI  R26,LOW(300)
00015f e0b1      	LDI  R27,HIGH(300)
000160 d13d      	RCALL SUBOPT_0x12
                 ; 0000 012A           lcd_gotoxy(14,portero);
                 ; 0000 012B           lcd_putchar(124);
                 ; 0000 012C           }
                 ; 0000 012D 
                 ; 0000 012E           lcd_gotoxy(i,x);
000161 d123      	RCALL SUBOPT_0xC
                 ; 0000 012F           lcd_putchar(46);
000162 d126      	RCALL SUBOPT_0xD
                 ; 0000 0130           delay_ms(200);
                 ; 0000 0131           lcd_gotoxy(i,x);
000163 d121      	RCALL SUBOPT_0xC
                 ; 0000 0132           lcd_putchar(32);
000164 d111      	RCALL SUBOPT_0x8
                 ; 0000 0133           i++;
000165 d13f      	RCALL SUBOPT_0x13
                 ; 0000 0134           lcd_gotoxy(i,y);
000166 d12d      	RCALL SUBOPT_0xF
                 ; 0000 0135           lcd_putchar(46);
000167 d121      	RCALL SUBOPT_0xD
                 ; 0000 0136           delay_ms(200);
                 ; 0000 0137           lcd_gotoxy(i,y);
000168 d12b      	RCALL SUBOPT_0xF
                 ; 0000 0138           lcd_putchar(32);
000169 d10c      	RCALL SUBOPT_0x8
                 ; 0000 0139 
                 ; 0000 013A           if(i==13 && portero==0){
00016a d130      	RCALL SUBOPT_0x11
00016b 971d      	SBIW R26,13
00016c f421      	BRNE _0x1C
00016d 2400      	CLR  R0
00016e 1406      	CP   R0,R6
00016f 0407      	CPC  R0,R7
000170 f009      	BREQ _0x1D
                 _0x1C:
000171 c001      	RJMP _0x1B
                 _0x1D:
                 ; 0000 013B           jug1++;
000172 9493      	INC  R9
                 ; 0000 013C           }
                 ; 0000 013D           }
                 _0x1B:
000173 d131      	RCALL SUBOPT_0x13
000174 cfda      	RJMP _0x17
                 _0x18:
                 ; 0000 013E           }
                 ; 0000 013F 
                 ; 0000 0140 
                 ; 0000 0141 
                 ; 0000 0142           else if(num==2){
000175 c057      	RJMP _0x1E
                 _0x15:
000176 e0e2      	LDI  R30,LOW(2)
000177 e0f0      	LDI  R31,HIGH(2)
000178 d0f1      	RCALL SUBOPT_0x5
000179 f531      	BRNE _0x1F
                 ; 0000 0143 
                 ; 0000 0144           for(i=13; i>=2; i--){
00017a d0f2      	RCALL SUBOPT_0x6
                 _0x21:
00017b d0f6      	RCALL SUBOPT_0x7
00017c f114      	BRLT _0x22
                 ; 0000 0145           if(movd1==0){
00017d 9981      	SBIC 0x10,1
00017e c005      	RJMP _0x23
                 ; 0000 0146           lcd_gotoxy(1,0);
00017f e0e1      	LDI  R30,LOW(1)
000180 d0d8      	RCALL SUBOPT_0x0
                 ; 0000 0147           lcd_putchar(32);
000181 d0f4      	RCALL SUBOPT_0x8
                 ; 0000 0148           portero=0;
000182 d0f8      	RCALL SUBOPT_0xA
                 ; 0000 0149           delay_ms(300);
000183 c005      	RJMP _0x37
                 ; 0000 014A           lcd_gotoxy(1,portero);
                 ; 0000 014B           lcd_putchar(124);
                 ; 0000 014C           }
                 ; 0000 014D 
                 ; 0000 014E           else{
                 _0x23:
                 ; 0000 014F           lcd_gotoxy(1,1);
000184 e0e1      	LDI  R30,LOW(1)
000185 d0d6      	RCALL SUBOPT_0x1
                 ; 0000 0150           lcd_putchar(32);
000186 d0ef      	RCALL SUBOPT_0x8
                 ; 0000 0151           portero=1;
000187 d0f0      	RCALL SUBOPT_0x9
000188 013f      	MOVW R6,R30
                 ; 0000 0152           delay_ms(300);
                 _0x37:
000189 e2ac      	LDI  R26,LOW(300)
00018a e0b1      	LDI  R27,HIGH(300)
00018b d0f2      	RCALL SUBOPT_0xB
                 ; 0000 0153           lcd_gotoxy(1,portero);
                 ; 0000 0154           lcd_putchar(124);
                 ; 0000 0155           }
                 ; 0000 0156 
                 ; 0000 0157           lcd_gotoxy(i,y);
00018c d107      	RCALL SUBOPT_0xF
                 ; 0000 0158           lcd_putchar(46);
00018d d0fb      	RCALL SUBOPT_0xD
                 ; 0000 0159           delay_ms(200);
                 ; 0000 015A           lcd_gotoxy(i,y);
00018e d105      	RCALL SUBOPT_0xF
                 ; 0000 015B           lcd_putchar(32);
00018f d0e6      	RCALL SUBOPT_0x8
                 ; 0000 015C           i--;
000190 d0fd      	RCALL SUBOPT_0xE
                 ; 0000 015D           lcd_gotoxy(i,x);
000191 d0f3      	RCALL SUBOPT_0xC
                 ; 0000 015E           lcd_putchar(46);
000192 d0f6      	RCALL SUBOPT_0xD
                 ; 0000 015F           delay_ms(200);
                 ; 0000 0160           lcd_gotoxy(i,x);
000193 d0f1      	RCALL SUBOPT_0xC
                 ; 0000 0161           lcd_putchar(32);
000194 d0e1      	RCALL SUBOPT_0x8
                 ; 0000 0162 
                 ; 0000 0163           if(i==2 && portero==1){
000195 d0dc      	RCALL SUBOPT_0x7
000196 f421      	BRNE _0x26
000197 d0e0      	RCALL SUBOPT_0x9
000198 15e6      	CP   R30,R6
000199 05f7      	CPC  R31,R7
00019a f009      	BREQ _0x27
                 _0x26:
00019b c001      	RJMP _0x25
                 _0x27:
                 ; 0000 0164           jug2++;
00019c 9483      	INC  R8
                 ; 0000 0165           }
                 ; 0000 0166           }
                 _0x25:
00019d d0f0      	RCALL SUBOPT_0xE
00019e cfdc      	RJMP _0x21
                 _0x22:
                 ; 0000 0167           }
                 ; 0000 0168 
                 ; 0000 0169 
                 ; 0000 016A 
                 ; 0000 016B           else if(num==3){
00019f c02d      	RJMP _0x28
                 _0x1F:
0001a0 e0e3      	LDI  R30,LOW(3)
0001a1 e0f0      	LDI  R31,HIGH(3)
0001a2 d0c7      	RCALL SUBOPT_0x5
0001a3 f549      	BRNE _0x29
                 ; 0000 016C           for(i=2; i<=13; i++){
0001a4 e0e2      	LDI  R30,LOW(2)
0001a5 e0f0      	LDI  R31,HIGH(2)
0001a6 d0f1      	RCALL SUBOPT_0x10
                 _0x2B:
0001a7 d0f3      	RCALL SUBOPT_0x11
0001a8 971e      	SBIW R26,14
0001a9 f51c      	BRGE _0x2C
                 ; 0000 016D           if(movd2==0){
0001aa 9983      	SBIC 0x10,3
0001ab c005      	RJMP _0x2D
                 ; 0000 016E           lcd_gotoxy(14,0);
0001ac e0ee      	LDI  R30,LOW(14)
0001ad d0ab      	RCALL SUBOPT_0x0
                 ; 0000 016F           lcd_putchar(32);
0001ae d0c7      	RCALL SUBOPT_0x8
                 ; 0000 0170           portero=0;
0001af d0cb      	RCALL SUBOPT_0xA
                 ; 0000 0171           delay_ms(300);
0001b0 c005      	RJMP _0x38
                 ; 0000 0172           lcd_gotoxy(14,portero);
                 ; 0000 0173           lcd_putchar(124);
                 ; 0000 0174           }
                 ; 0000 0175 
                 ; 0000 0176           else{
                 _0x2D:
                 ; 0000 0177           lcd_gotoxy(14,1);
0001b1 e0ee      	LDI  R30,LOW(14)
0001b2 d0a9      	RCALL SUBOPT_0x1
                 ; 0000 0178           lcd_putchar(32);
0001b3 d0c2      	RCALL SUBOPT_0x8
                 ; 0000 0179           portero=1;
0001b4 d0c3      	RCALL SUBOPT_0x9
0001b5 013f      	MOVW R6,R30
                 ; 0000 017A           delay_ms(300);
                 _0x38:
0001b6 e2ac      	LDI  R26,LOW(300)
0001b7 e0b1      	LDI  R27,HIGH(300)
0001b8 d0e5      	RCALL SUBOPT_0x12
                 ; 0000 017B           lcd_gotoxy(14,portero);
                 ; 0000 017C           lcd_putchar(124);
                 ; 0000 017D           }
                 ; 0000 017E 
                 ; 0000 017F           lcd_gotoxy(i,y);
0001b9 d0da      	RCALL SUBOPT_0xF
                 ; 0000 0180           lcd_putchar(46);
0001ba d0ce      	RCALL SUBOPT_0xD
                 ; 0000 0181           delay_ms(200);
                 ; 0000 0182           lcd_gotoxy(i,y);
0001bb d0d8      	RCALL SUBOPT_0xF
                 ; 0000 0183           lcd_putchar(32);
0001bc d0b9      	RCALL SUBOPT_0x8
                 ; 0000 0184           i++;
0001bd d0e7      	RCALL SUBOPT_0x13
                 ; 0000 0185           lcd_gotoxy(i,x);
0001be d0c6      	RCALL SUBOPT_0xC
                 ; 0000 0186           lcd_putchar(46);
0001bf d0c9      	RCALL SUBOPT_0xD
                 ; 0000 0187           delay_ms(200);
                 ; 0000 0188           lcd_gotoxy(i,x);
0001c0 d0c4      	RCALL SUBOPT_0xC
                 ; 0000 0189           lcd_putchar(32);
0001c1 d0b4      	RCALL SUBOPT_0x8
                 ; 0000 018A           if(i==13 && portero==1){
0001c2 d0d8      	RCALL SUBOPT_0x11
0001c3 971d      	SBIW R26,13
0001c4 f421      	BRNE _0x30
0001c5 d0b2      	RCALL SUBOPT_0x9
0001c6 15e6      	CP   R30,R6
0001c7 05f7      	CPC  R31,R7
0001c8 f009      	BREQ _0x31
                 _0x30:
0001c9 c001      	RJMP _0x2F
                 _0x31:
                 ; 0000 018B           jug1++;
0001ca 9493      	INC  R9
                 ; 0000 018C           }
                 ; 0000 018D           }
                 _0x2F:
0001cb d0d9      	RCALL SUBOPT_0x13
0001cc cfda      	RJMP _0x2B
                 _0x2C:
                 ; 0000 018E           }
                 ; 0000 018F 
                 ; 0000 0190              }while(jug2<=9 && jug1<=9);
                 _0x29:
                 _0x28:
                 _0x1E:
                 _0x14:
0001cd 9626      	ADIW R28,6
0001ce e0e9      	LDI  R30,LOW(9)
0001cf 15e8      	CP   R30,R8
0001d0 f010      	BRLO _0x32
0001d1 15e9      	CP   R30,R9
0001d2 f408      	BRSH _0x33
                 _0x32:
0001d3 c001      	RJMP _0x9
                 _0x33:
0001d4 cf30      	RJMP _0x8
                 _0x9:
                 ; 0000 0191 
                 ; 0000 0192       }
0001d5 cef3      	RJMP _0x4
                 ; 0000 0193 }
                 _0x34:
0001d6 cfff      	RJMP _0x34
                 ; .FEND
                 
                 	.CSEG
                 
                 	.DSEG
                 
                 	.CSEG
                 	#ifndef __SLEEP_DEFINED__
                 	#endif
                 
                 	.DSEG
                 
                 	.CSEG
                 __lcd_write_nibble_G101:
                 ; .FSTART __lcd_write_nibble_G101
0001d7 93aa      	ST   -Y,R26
0001d8 b3e8      	IN   R30,0x18
0001d9 70ef      	ANDI R30,LOW(0xF)
0001da 2fae      	MOV  R26,R30
0001db 81e8      	LD   R30,Y
0001dc 7fe0      	ANDI R30,LOW(0xF0)
0001dd 2bea      	OR   R30,R26
0001de bbe8      	OUT  0x18,R30
0001df d0c9      	RCALL SUBOPT_0x14
0001e0 9ac2      	SBI  0x18,2
0001e1 d0c7      	RCALL SUBOPT_0x14
0001e2 98c2      	CBI  0x18,2
0001e3 d0c5      	RCALL SUBOPT_0x14
0001e4 c072      	RJMP _0x20A0001
                 ; .FEND
                 __lcd_write_data:
                 ; .FSTART __lcd_write_data
0001e5 93aa      	ST   -Y,R26
0001e6 81a8      	LD   R26,Y
0001e7 dfef      	RCALL __lcd_write_nibble_G101
0001e8 81e8          ld    r30,y
0001e9 95e2          swap  r30
0001ea 83e8          st    y,r30
0001eb 81a8      	LD   R26,Y
0001ec dfea      	RCALL __lcd_write_nibble_G101
                +
0001ed e181     +LDI R24 , LOW ( 17 )
                +__DELAY_USB_LOOP :
0001ee 958a     +DEC R24
0001ef f7f1     +BRNE __DELAY_USB_LOOP
                 	__DELAY_USB 17
0001f0 c066      	RJMP _0x20A0001
                 ; .FEND
                 _lcd_gotoxy:
                 ; .FSTART _lcd_gotoxy
0001f1 93aa      	ST   -Y,R26
0001f2 81e8      	LD   R30,Y
0001f3 e0f0      	LDI  R31,0
0001f4 51ec      	SUBI R30,LOW(-__base_y_G101)
0001f5 4fff      	SBCI R31,HIGH(-__base_y_G101)
0001f6 81e0      	LD   R30,Z
0001f7 81a9      	LDD  R26,Y+1
0001f8 0fae      	ADD  R26,R30
0001f9 dfeb      	RCALL __lcd_write_data
0001fa 80b9      	LDD  R11,Y+1
0001fb 80a8      	LDD  R10,Y+0
0001fc 9622      	ADIW R28,2
0001fd 9508      	RET
                 ; .FEND
                 _lcd_clear:
                 ; .FSTART _lcd_clear
0001fe e0a2      	LDI  R26,LOW(2)
0001ff d0ad      	RCALL SUBOPT_0x15
000200 e0ac      	LDI  R26,LOW(12)
000201 dfe3      	RCALL __lcd_write_data
000202 e0a1      	LDI  R26,LOW(1)
000203 d0a9      	RCALL SUBOPT_0x15
000204 e0e0      	LDI  R30,LOW(0)
000205 2eae      	MOV  R10,R30
000206 2ebe      	MOV  R11,R30
000207 9508      	RET
                 ; .FEND
                 _lcd_putchar:
                 ; .FSTART _lcd_putchar
000208 93aa      	ST   -Y,R26
000209 81a8      	LD   R26,Y
00020a 30aa      	CPI  R26,LOW(0xA)
00020b f011      	BREQ _0x2020005
00020c 14bd      	CP   R11,R13
00020d f048      	BRLO _0x2020004
                 _0x2020005:
00020e e0e0      	LDI  R30,LOW(0)
00020f 93ea      	ST   -Y,R30
000210 94a3      	INC  R10
000211 2daa      	MOV  R26,R10
000212 dfde      	RCALL _lcd_gotoxy
000213 81a8      	LD   R26,Y
000214 30aa      	CPI  R26,LOW(0xA)
000215 f409      	BRNE _0x2020007
000216 c040      	RJMP _0x20A0001
                 _0x2020007:
                 _0x2020004:
000217 94b3      	INC  R11
000218 9ac0      	SBI  0x18,0
000219 81a8      	LD   R26,Y
00021a dfca      	RCALL __lcd_write_data
00021b 98c0      	CBI  0x18,0
00021c c03a      	RJMP _0x20A0001
                 ; .FEND
                 _lcd_putsf:
                 ; .FSTART _lcd_putsf
00021d 93ba      	ST   -Y,R27
00021e 93aa      	ST   -Y,R26
00021f 931a      	ST   -Y,R17
                 _0x202000B:
000220 81e9      	LDD  R30,Y+1
000221 81fa      	LDD  R31,Y+1+1
000222 9631      	ADIW R30,1
000223 83e9      	STD  Y+1,R30
000224 83fa      	STD  Y+1+1,R31
000225 9731      	SBIW R30,1
000226 91e4      	LPM  R30,Z
000227 2f1e      	MOV  R17,R30
000228 30e0      	CPI  R30,0
000229 f019      	BREQ _0x202000D
00022a 2fa1      	MOV  R26,R17
00022b dfdc      	RCALL _lcd_putchar
00022c cff3      	RJMP _0x202000B
                 _0x202000D:
00022d 8118      	LDD  R17,Y+0
00022e 9623      	ADIW R28,3
00022f 9508      	RET
                 ; .FEND
                 _lcd_init:
                 ; .FSTART _lcd_init
000230 93aa      	ST   -Y,R26
000231 b3e7      	IN   R30,0x17
000232 6fe0      	ORI  R30,LOW(0xF0)
000233 bbe7      	OUT  0x17,R30
000234 9aba      	SBI  0x17,2
000235 9ab8      	SBI  0x17,0
000236 9ab9      	SBI  0x17,1
000237 98c2      	CBI  0x18,2
000238 98c0      	CBI  0x18,0
000239 98c1      	CBI  0x18,1
00023a 80d8      	LDD  R13,Y+0
00023b 81e8      	LD   R30,Y
00023c 58e0      	SUBI R30,-LOW(128)
                +
00023d 93e0 00e6+STS __base_y_G101 + ( 2 ) , R30
                 	__PUTB1MN __base_y_G101,2
00023f 81e8      	LD   R30,Y
000240 54e0      	SUBI R30,-LOW(192)
                +
000241 93e0 00e7+STS __base_y_G101 + ( 3 ) , R30
                 	__PUTB1MN __base_y_G101,3
000243 e1a4      	LDI  R26,LOW(20)
000244 e0b0      	LDI  R27,0
000245 d071      	RCALL _delay_ms
000246 d06a      	RCALL SUBOPT_0x16
000247 d069      	RCALL SUBOPT_0x16
000248 d068      	RCALL SUBOPT_0x16
000249 e2a0      	LDI  R26,LOW(32)
00024a df8c      	RCALL __lcd_write_nibble_G101
                +
00024b e281     +LDI R24 , LOW ( 33 )
                +__DELAY_USB_LOOP :
00024c 958a     +DEC R24
00024d f7f1     +BRNE __DELAY_USB_LOOP
                 	__DELAY_USB 33
00024e e2a8      	LDI  R26,LOW(40)
00024f df95      	RCALL __lcd_write_data
000250 e0a4      	LDI  R26,LOW(4)
000251 df93      	RCALL __lcd_write_data
000252 e8a5      	LDI  R26,LOW(133)
000253 df91      	RCALL __lcd_write_data
000254 e0a6      	LDI  R26,LOW(6)
000255 df8f      	RCALL __lcd_write_data
000256 dfa7      	RCALL _lcd_clear
                 _0x20A0001:
000257 9621      	ADIW R28,1
000258 9508      	RET
                 ; .FEND
                 
                 	.CSEG
                 
                 	.CSEG
                 
                 	.CSEG
                 
                 	.DSEG
                 __seed_G100:
0000e0           	.BYTE 0x4
                 __base_y_G101:
0000e4           	.BYTE 0x4
                 
                 	.CSEG
                 ;OPTIMIZER ADDED SUBROUTINE, CALLED 16 TIMES, CODE SIZE REDUCTION:28 WORDS
                 SUBOPT_0x0:
000259 93ea      	ST   -Y,R30
00025a e0a0      	LDI  R26,LOW(0)
00025b cf95      	RJMP _lcd_gotoxy
                 
                 ;OPTIMIZER ADDED SUBROUTINE, CALLED 6 TIMES, CODE SIZE REDUCTION:8 WORDS
                 SUBOPT_0x1:
00025c 93ea      	ST   -Y,R30
00025d e0a1      	LDI  R26,LOW(1)
00025e cf92      	RJMP _lcd_gotoxy
                 
                 ;OPTIMIZER ADDED SUBROUTINE, CALLED 6 TIMES, CODE SIZE REDUCTION:18 WORDS
                 SUBOPT_0x2:
00025f dfbd      	RCALL _lcd_putsf
000260 edac      	LDI  R26,LOW(1500)
000261 e0b5      	LDI  R27,HIGH(1500)
000262 d054      	RCALL _delay_ms
000263 cf9a      	RJMP _lcd_clear
                 
                 ;OPTIMIZER ADDED SUBROUTINE, CALLED 2 TIMES, CODE SIZE REDUCTION:1 WORDS
                 SUBOPT_0x3:
000264 d052      	RCALL _delay_ms
000265 df98      	RCALL _lcd_clear
000266 e0e0      	LDI  R30,LOW(0)
000267 cff1      	RJMP SUBOPT_0x0
                 
                 ;OPTIMIZER ADDED SUBROUTINE, CALLED 5 TIMES, CODE SIZE REDUCTION:2 WORDS
                 SUBOPT_0x4:
000268 e0e0      	LDI  R30,LOW(0)
000269 cfef      	RJMP SUBOPT_0x0
                 
                 ;OPTIMIZER ADDED SUBROUTINE, CALLED 4 TIMES, CODE SIZE REDUCTION:1 WORDS
                 SUBOPT_0x5:
00026a 15e4      	CP   R30,R4
00026b 05f5      	CPC  R31,R5
00026c 9508      	RET
                 
                 ;OPTIMIZER ADDED SUBROUTINE, CALLED 2 TIMES, CODE SIZE REDUCTION:1 WORDS
                 SUBOPT_0x6:
00026d e0ed      	LDI  R30,LOW(13)
00026e e0f0      	LDI  R31,HIGH(13)
00026f 83ec      	STD  Y+4,R30
000270 83fd      	STD  Y+4+1,R31
000271 9508      	RET
                 
                 ;OPTIMIZER ADDED SUBROUTINE, CALLED 4 TIMES, CODE SIZE REDUCTION:4 WORDS
                 SUBOPT_0x7:
000272 81ac      	LDD  R26,Y+4
000273 81bd      	LDD  R27,Y+4+1
000274 9712      	SBIW R26,2
000275 9508      	RET
                 
                 ;OPTIMIZER ADDED SUBROUTINE, CALLED 16 TIMES, CODE SIZE REDUCTION:13 WORDS
                 SUBOPT_0x8:
000276 e2a0      	LDI  R26,LOW(32)
000277 cf90      	RJMP _lcd_putchar
                 
                 ;OPTIMIZER ADDED SUBROUTINE, CALLED 7 TIMES, CODE SIZE REDUCTION:4 WORDS
                 SUBOPT_0x9:
000278 e0e1      	LDI  R30,LOW(1)
000279 e0f0      	LDI  R31,HIGH(1)
00027a 9508      	RET
                 
                 ;OPTIMIZER ADDED SUBROUTINE, CALLED 4 TIMES, CODE SIZE REDUCTION:1 WORDS
                 SUBOPT_0xA:
00027b 2466      	CLR  R6
00027c 2477      	CLR  R7
00027d 9508      	RET
                 
                 ;OPTIMIZER ADDED SUBROUTINE, CALLED 2 TIMES, CODE SIZE REDUCTION:4 WORDS
                 SUBOPT_0xB:
00027e d038      	RCALL _delay_ms
00027f e0e1      	LDI  R30,LOW(1)
000280 93ea      	ST   -Y,R30
000281 2da6      	MOV  R26,R6
000282 df6e      	RCALL _lcd_gotoxy
000283 e7ac      	LDI  R26,LOW(124)
000284 cf83      	RJMP _lcd_putchar
                 
                 ;OPTIMIZER ADDED SUBROUTINE, CALLED 8 TIMES, CODE SIZE REDUCTION:19 WORDS
                 SUBOPT_0xC:
000285 81ec      	LDD  R30,Y+4
000286 93ea      	ST   -Y,R30
000287 81ab      	LDD  R26,Y+3
000288 cf68      	RJMP _lcd_gotoxy
                 
                 ;OPTIMIZER ADDED SUBROUTINE, CALLED 8 TIMES, CODE SIZE REDUCTION:26 WORDS
                 SUBOPT_0xD:
000289 e2ae      	LDI  R26,LOW(46)
00028a df7d      	RCALL _lcd_putchar
00028b eca8      	LDI  R26,LOW(200)
00028c e0b0      	LDI  R27,0
00028d c029      	RJMP _delay_ms
                 
                 ;OPTIMIZER ADDED SUBROUTINE, CALLED 4 TIMES, CODE SIZE REDUCTION:10 WORDS
                 SUBOPT_0xE:
00028e 81ec      	LDD  R30,Y+4
00028f 81fd      	LDD  R31,Y+4+1
000290 9731      	SBIW R30,1
000291 83ec      	STD  Y+4,R30
000292 83fd      	STD  Y+4+1,R31
000293 9508      	RET
                 
                 ;OPTIMIZER ADDED SUBROUTINE, CALLED 8 TIMES, CODE SIZE REDUCTION:19 WORDS
                 SUBOPT_0xF:
000294 81ec      	LDD  R30,Y+4
000295 93ea      	ST   -Y,R30
000296 81a9      	LDD  R26,Y+1
000297 cf59      	RJMP _lcd_gotoxy
                 
                 ;OPTIMIZER ADDED SUBROUTINE, CALLED 6 TIMES, CODE SIZE REDUCTION:3 WORDS
                 SUBOPT_0x10:
000298 83ec      	STD  Y+4,R30
000299 83fd      	STD  Y+4+1,R31
00029a 9508      	RET
                 
                 ;OPTIMIZER ADDED SUBROUTINE, CALLED 4 TIMES, CODE SIZE REDUCTION:1 WORDS
                 SUBOPT_0x11:
00029b 81ac      	LDD  R26,Y+4
00029c 81bd      	LDD  R27,Y+4+1
00029d 9508      	RET
                 
                 ;OPTIMIZER ADDED SUBROUTINE, CALLED 2 TIMES, CODE SIZE REDUCTION:4 WORDS
                 SUBOPT_0x12:
00029e d018      	RCALL _delay_ms
00029f e0ee      	LDI  R30,LOW(14)
0002a0 93ea      	ST   -Y,R30
0002a1 2da6      	MOV  R26,R6
0002a2 df4e      	RCALL _lcd_gotoxy
0002a3 e7ac      	LDI  R26,LOW(124)
0002a4 cf63      	RJMP _lcd_putchar
                 
                 ;OPTIMIZER ADDED SUBROUTINE, CALLED 4 TIMES, CODE SIZE REDUCTION:7 WORDS
                 SUBOPT_0x13:
0002a5 81ec      	LDD  R30,Y+4
0002a6 81fd      	LDD  R31,Y+4+1
0002a7 9631      	ADIW R30,1
0002a8 cfef      	RJMP SUBOPT_0x10
                 
                 ;OPTIMIZER ADDED SUBROUTINE, CALLED 3 TIMES, CODE SIZE REDUCTION:2 WORDS
                 SUBOPT_0x14:
                +
0002a9 e082     +LDI R24 , LOW ( 2 )
                +__DELAY_USB_LOOP :
0002aa 958a     +DEC R24
0002ab f7f1     +BRNE __DELAY_USB_LOOP
                 	__DELAY_USB 2
0002ac 9508      	RET
                 
                 ;OPTIMIZER ADDED SUBROUTINE, CALLED 2 TIMES, CODE SIZE REDUCTION:1 WORDS
                 SUBOPT_0x15:
0002ad df37      	RCALL __lcd_write_data
0002ae e0a3      	LDI  R26,LOW(3)
0002af e0b0      	LDI  R27,0
0002b0 c006      	RJMP _delay_ms
                 
                 ;OPTIMIZER ADDED SUBROUTINE, CALLED 3 TIMES, CODE SIZE REDUCTION:6 WORDS
                 SUBOPT_0x16:
0002b1 e3a0      	LDI  R26,LOW(48)
0002b2 df24      	RCALL __lcd_write_nibble_G101
                +
0002b3 e281     +LDI R24 , LOW ( 33 )
                +__DELAY_USB_LOOP :
0002b4 958a     +DEC R24
0002b5 f7f1     +BRNE __DELAY_USB_LOOP
                 	__DELAY_USB 33
0002b6 9508      	RET
                 
                 
                 	.CSEG
                 _delay_ms:
0002b7 9610      	adiw r26,0
0002b8 f039      	breq __delay_ms1
                 __delay_ms0:
                +
0002b9 ef8a     +LDI R24 , LOW ( 0xFA )
0002ba e090     +LDI R25 , HIGH ( 0xFA )
                +__DELAY_USW_LOOP :
0002bb 9701     +SBIW R24 , 1
0002bc f7f1     +BRNE __DELAY_USW_LOOP
                 	__DELAY_USW 0xFA
0002bd 95a8      	wdr
0002be 9711      	sbiw r26,1
0002bf f7c9      	brne __delay_ms0
                 __delay_ms1:
0002c0 9508      	ret
                 
                 ;END OF CODE MARKER
                 __END_OF_CODE:


RESOURCE USE INFORMATION
------------------------

Notice:
The register and instruction counts are symbol table hit counts,
and hence implicitly used resources are not counted, eg, the
'lpm' instruction without operands implicitly uses r0 and z,
none of which are counted.

x,y,z are separate entities in the symbol table and are
counted separately from r26..r31 here.

.dseg memory usage only counts static data declared with .byte

ATmega8535L register use summary:
r0 :  12 r1 :   1 r2 :   0 r3 :   0 r4 :   5 r5 :   3 r6 :  11 r7 :   5 
r8 :   5 r9 :   5 r10:   4 r11:   4 r12:   0 r13:   2 r14:   0 r15:   0 
r16:   0 r17:   4 r18:   0 r19:   0 r20:   0 r21:   0 r22:   2 r23:   0 
r24:  17 r25:   3 r26:  77 r27:  27 r28:   6 r29:   1 r30: 155 r31:  24 
x  :   3 y  :  57 z  :   9 
Registers used: 24 out of 35 (68.6%)

ATmega8535L instruction use summary:
.lds  :   0 .lds.l:   0 .sts  :   0 .sts.l:   0 adc   :   0 add   :   1 
adiw  :   8 and   :   0 andi  :   2 asr   :   0 bclr  :   0 bld   :   0 
brbc  :   0 brbs  :   0 brcc  :   0 brcs  :   0 break :   0 breq  :   8 
brge  :   2 brhc  :   0 brhs  :   0 brid  :   0 brie  :   0 brlo  :   2 
brlt  :   2 brmi  :   0 brne  :  19 brpl  :   0 brsh  :   1 brtc  :   0 
brts  :   0 brvc  :   0 brvs  :   0 bset  :   0 bst   :   0 cbi   :   5 
cbr   :   0 clc   :   0 clh   :   0 cli   :   1 cln   :   0 clr   :  10 
cls   :   0 clt   :   0 clv   :   0 clz   :   0 com   :   0 cp    :   8 
cpc   :   5 cpi   :   3 cpse  :   0 dec   :   5 des   :   0 eor   :   0 
fmul  :   0 fmuls :   0 fmulsu:   0 icall :   0 ijmp  :   0 in    :   2 
inc   :   6 ld    :  11 ldd   :  19 ldi   : 128 lds   :   0 lpm   :   9 
lsl   :   0 lsr   :   0 mov   :  11 movw  :   9 mul   :   0 muls  :   0 
mulsu :   0 neg   :   0 nop   :   0 or    :   2 ori   :   1 out   :  45 
pop   :   0 push  :   0 rcall : 151 ret   :  15 reti  :   0 rjmp  :  64 
rol   :   0 ror   :   0 sbc   :   0 sbci  :   1 sbi   :   5 sbic  :   4 
sbis  :   0 sbiw  :  13 sbr   :   0 sbrc  :   0 sbrs  :   0 sec   :   0 
seh   :   0 sei   :   0 sen   :   0 ser   :   0 ses   :   0 set   :   0 
sev   :   0 sez   :   0 sleep :   0 spm   :   0 st    :  20 std   :  11 
sts   :   2 sub   :   0 subi  :   5 swap  :   1 tst   :   0 wdr   :   1 

Instructions used: 40 out of 114 (35.1%)

ATmega8535L memory use summary [bytes]:
Segment   Begin    End      Code   Data   Used    Size   Use%
---------------------------------------------------------------
[.cseg] 0x000000 0x000582   1238    172   1410    8192  17.2%
[.dseg] 0x000060 0x0000e8      0      8      8     512   1.6%
[.eseg] 0x000000 0x000000      0      0      0     512   0.0%

Assembly complete, 0 errors, 11 warnings
